{"/home/travis/build/npmtest/node-npmtest-qwest/test.js":{"path":"/home/travis/build/npmtest/node-npmtest-qwest/test.js","s":{"1":2,"2":2,"3":2,"4":2,"5":2,"6":2,"7":2,"8":1,"9":2,"10":2,"11":1,"12":1,"13":1,"14":1,"15":2,"16":2,"17":2,"18":2,"19":1,"20":1,"21":2,"22":2,"23":2,"24":1,"25":1,"26":1,"27":1,"28":1,"29":1,"30":1,"31":1,"32":1,"33":1,"34":1,"35":1,"36":1,"37":1,"38":1,"39":2,"40":2,"41":1,"42":2,"43":2,"44":1,"45":2,"46":2,"47":1,"48":2,"49":2,"50":1,"51":1,"52":1,"53":1,"54":1},"b":{"1":[2,1,1,1],"2":[1,1,1,1],"3":[1,1],"4":[1,1],"5":[1,1],"6":[1,1],"7":[1,1],"8":[1,1],"9":[1,1],"10":[1,1,1],"11":[1,1],"12":[1,1],"13":[1,1],"14":[1,1],"15":[1,1],"16":[1,1],"17":[1,1]},"f":{"1":2,"2":2,"3":2,"4":2,"5":2,"6":1,"7":1,"8":1,"9":2,"10":2,"11":2,"12":2,"13":1},"fnMap":{"1":{"name":"(anonymous_1)","line":12,"loc":{"start":{"line":12,"column":1},"end":{"line":12,"column":13}}},"2":{"name":"(anonymous_2)","line":19,"loc":{"start":{"line":19,"column":5},"end":{"line":19,"column":17}}},"3":{"name":"(anonymous_3)","line":23,"loc":{"start":{"line":23,"column":24},"end":{"line":23,"column":36}}},"4":{"name":"(anonymous_4)","line":61,"loc":{"start":{"line":61,"column":5},"end":{"line":61,"column":17}}},"5":{"name":"(anonymous_5)","line":82,"loc":{"start":{"line":82,"column":5},"end":{"line":82,"column":17}}},"6":{"name":"(anonymous_6)","line":91,"loc":{"start":{"line":91,"column":77},"end":{"line":94,"column":10}}},"7":{"name":"(anonymous_7)","line":112,"loc":{"start":{"line":112,"column":83},"end":{"line":115,"column":10}},"skip":true},"8":{"name":"(anonymous_8)","line":123,"loc":{"start":{"line":123,"column":77},"end":{"line":126,"column":10}},"skip":true},"9":{"name":"(anonymous_9)","line":139,"loc":{"start":{"line":139,"column":12},"end":{"line":139,"column":40}},"skip":true},"10":{"name":"(anonymous_10)","line":147,"loc":{"start":{"line":147,"column":77},"end":{"line":150,"column":10}},"skip":true},"11":{"name":"(anonymous_11)","line":158,"loc":{"start":{"line":158,"column":83},"end":{"line":161,"column":10}},"skip":true},"12":{"name":"(anonymous_12)","line":169,"loc":{"start":{"line":169,"column":79},"end":{"line":172,"column":10}},"skip":true},"13":{"name":"(anonymous_13)","line":180,"loc":{"start":{"line":180,"column":75},"end":{"line":183,"column":10}},"skip":true}},"statementMap":{"1":{"start":{"line":12,"column":0},"end":{"line":195,"column":5}},"2":{"start":{"line":14,"column":4},"end":{"line":14,"column":14}},"3":{"start":{"line":19,"column":4},"end":{"line":56,"column":9}},"4":{"start":{"line":21,"column":8},"end":{"line":21,"column":19}},"5":{"start":{"line":23,"column":8},"end":{"line":35,"column":13}},"6":{"start":{"line":24,"column":12},"end":{"line":34,"column":13}},"7":{"start":{"line":25,"column":16},"end":{"line":28,"column":30}},"8":{"start":{"line":30,"column":16},"end":{"line":33,"column":27}},"9":{"start":{"line":37,"column":8},"end":{"line":39,"column":21}},"10":{"start":{"line":40,"column":8},"end":{"line":53,"column":9}},"11":{"start":{"line":43,"column":12},"end":{"line":46,"column":14}},"12":{"start":{"line":47,"column":12},"end":{"line":47,"column":18}},"13":{"start":{"line":50,"column":12},"end":{"line":51,"column":46}},"14":{"start":{"line":52,"column":12},"end":{"line":52,"column":18}},"15":{"start":{"line":55,"column":8},"end":{"line":55,"column":35}},"16":{"start":{"line":61,"column":4},"end":{"line":63,"column":9}},"17":{"start":{"line":62,"column":8},"end":{"line":62,"column":15}},"18":{"start":{"line":64,"column":4},"end":{"line":77,"column":5}},"19":{"start":{"line":70,"column":8},"end":{"line":70,"column":14}},"20":{"start":{"line":76,"column":8},"end":{"line":76,"column":14}},"21":{"start":{"line":82,"column":4},"end":{"line":84,"column":9}},"22":{"start":{"line":83,"column":8},"end":{"line":83,"column":15}},"23":{"start":{"line":85,"column":4},"end":{"line":194,"column":5}},"24":{"start":{"line":91,"column":8},"end":{"line":99,"column":10}},"25":{"start":{"line":98,"column":12},"end":{"line":98,"column":35}},"26":{"start":{"line":102,"column":8},"end":{"line":104,"column":63}},"27":{"start":{"line":105,"column":8},"end":{"line":105,"column":14}},"28":{"start":{"line":112,"column":8},"end":{"line":121,"column":10},"skip":true},"29":{"start":{"line":119,"column":12},"end":{"line":119,"column":55},"skip":true},"30":{"start":{"line":120,"column":12},"end":{"line":120,"column":48},"skip":true},"31":{"start":{"line":123,"column":8},"end":{"line":136,"column":10},"skip":true},"32":{"start":{"line":130,"column":12},"end":{"line":130,"column":76},"skip":true},"33":{"start":{"line":131,"column":12},"end":{"line":131,"column":73},"skip":true},"34":{"start":{"line":132,"column":12},"end":{"line":132,"column":74},"skip":true},"35":{"start":{"line":133,"column":12},"end":{"line":133,"column":79},"skip":true},"36":{"start":{"line":134,"column":12},"end":{"line":134,"column":25},"skip":true},"37":{"start":{"line":135,"column":12},"end":{"line":135,"column":45},"skip":true},"38":{"start":{"line":138,"column":8},"end":{"line":145,"column":14},"skip":true},"39":{"start":{"line":143,"column":16},"end":{"line":143,"column":29},"skip":true},"40":{"start":{"line":144,"column":16},"end":{"line":144,"column":55},"skip":true},"41":{"start":{"line":147,"column":8},"end":{"line":156,"column":10},"skip":true},"42":{"start":{"line":154,"column":12},"end":{"line":154,"column":25},"skip":true},"43":{"start":{"line":155,"column":12},"end":{"line":155,"column":45},"skip":true},"44":{"start":{"line":158,"column":8},"end":{"line":167,"column":10},"skip":true},"45":{"start":{"line":165,"column":12},"end":{"line":165,"column":25},"skip":true},"46":{"start":{"line":166,"column":12},"end":{"line":166,"column":48},"skip":true},"47":{"start":{"line":169,"column":8},"end":{"line":178,"column":10},"skip":true},"48":{"start":{"line":176,"column":12},"end":{"line":176,"column":25},"skip":true},"49":{"start":{"line":177,"column":12},"end":{"line":177,"column":46},"skip":true},"50":{"start":{"line":180,"column":8},"end":{"line":189,"column":10},"skip":true},"51":{"start":{"line":187,"column":12},"end":{"line":187,"column":94},"skip":true},"52":{"start":{"line":188,"column":12},"end":{"line":188,"column":48},"skip":true},"53":{"start":{"line":192,"column":8},"end":{"line":192,"column":35},"skip":true},"54":{"start":{"line":193,"column":8},"end":{"line":193,"column":14},"skip":true}},"branchMap":{"1":{"line":25,"type":"binary-expr","locations":[{"start":{"line":25,"column":23},"end":{"line":25,"column":62}},{"start":{"line":26,"column":20},"end":{"line":26,"column":70}},{"start":{"line":27,"column":20},"end":{"line":27,"column":71}},{"start":{"line":28,"column":20},"end":{"line":28,"column":29}}]},"2":{"line":30,"type":"binary-expr","locations":[{"start":{"line":30,"column":23},"end":{"line":30,"column":37}},{"start":{"line":31,"column":20},"end":{"line":31,"column":61}},{"start":{"line":32,"column":20},"end":{"line":32,"column":70}},{"start":{"line":33,"column":20},"end":{"line":33,"column":26}}]},"3":{"line":37,"type":"cond-expr","locations":[{"start":{"line":38,"column":14},"end":{"line":38,"column":20}},{"start":{"line":39,"column":14},"end":{"line":39,"column":20}}]},"4":{"line":40,"type":"switch","locations":[{"start":{"line":42,"column":8},"end":{"line":47,"column":18}},{"start":{"line":49,"column":8},"end":{"line":52,"column":18}}]},"5":{"line":44,"type":"binary-expr","locations":[{"start":{"line":44,"column":16},"end":{"line":44,"column":44}},{"start":{"line":44,"column":48},"end":{"line":44,"column":66}}]},"6":{"line":50,"type":"binary-expr","locations":[{"start":{"line":50,"column":21},"end":{"line":50,"column":49}},{"start":{"line":50,"column":53},"end":{"line":50,"column":72}}]},"7":{"line":64,"type":"switch","locations":[{"start":{"line":69,"column":4},"end":{"line":70,"column":14}},{"start":{"line":75,"column":4},"end":{"line":76,"column":14}}]},"8":{"line":85,"type":"switch","locations":[{"start":{"line":90,"column":4},"end":{"line":105,"column":14}},{"start":{"line":111,"column":4},"end":{"line":193,"column":14},"skip":true}]},"9":{"line":91,"type":"binary-expr","locations":[{"start":{"line":91,"column":42},"end":{"line":91,"column":73}},{"start":{"line":91,"column":77},"end":{"line":99,"column":9}}]},"10":{"line":102,"type":"binary-expr","locations":[{"start":{"line":102,"column":18},"end":{"line":102,"column":32}},{"start":{"line":103,"column":12},"end":{"line":103,"column":53}},{"start":{"line":104,"column":12},"end":{"line":104,"column":61}}]},"11":{"line":112,"type":"binary-expr","locations":[{"start":{"line":112,"column":45},"end":{"line":112,"column":79},"skip":true},{"start":{"line":112,"column":83},"end":{"line":121,"column":9},"skip":true}]},"12":{"line":123,"type":"binary-expr","locations":[{"start":{"line":123,"column":42},"end":{"line":123,"column":73},"skip":true},{"start":{"line":123,"column":77},"end":{"line":136,"column":9},"skip":true}]},"13":{"line":138,"type":"binary-expr","locations":[{"start":{"line":138,"column":48},"end":{"line":138,"column":85},"skip":true},{"start":{"line":139,"column":12},"end":{"line":145,"column":13},"skip":true}]},"14":{"line":147,"type":"binary-expr","locations":[{"start":{"line":147,"column":42},"end":{"line":147,"column":73},"skip":true},{"start":{"line":147,"column":77},"end":{"line":156,"column":9},"skip":true}]},"15":{"line":158,"type":"binary-expr","locations":[{"start":{"line":158,"column":45},"end":{"line":158,"column":79},"skip":true},{"start":{"line":158,"column":83},"end":{"line":167,"column":9},"skip":true}]},"16":{"line":169,"type":"binary-expr","locations":[{"start":{"line":169,"column":43},"end":{"line":169,"column":75},"skip":true},{"start":{"line":169,"column":79},"end":{"line":178,"column":9},"skip":true}]},"17":{"line":180,"type":"binary-expr","locations":[{"start":{"line":180,"column":41},"end":{"line":180,"column":71},"skip":true},{"start":{"line":180,"column":75},"end":{"line":189,"column":9},"skip":true}]}},"code":["/* istanbul instrument in package npmtest_qwest */","/*jslint","    bitwise: true,","    browser: true,","    maxerr: 8,","    maxlen: 96,","    node: true,","    nomen: true,","    regexp: true,","    stupid: true","*/","(function () {","    'use strict';","    var local;","","","","    // run shared js-env code - pre-init","    (function () {","        // init local","        local = {};","        // init modeJs","        local.modeJs = (function () {","            try {","                return typeof navigator.userAgent === 'string' &&","                    typeof document.querySelector('body') === 'object' &&","                    typeof XMLHttpRequest.prototype.open === 'function' &&","                    'browser';","            } catch (errorCaughtBrowser) {","                return module.exports &&","                    typeof process.versions.node === 'string' &&","                    typeof require('http').createServer === 'function' &&","                    'node';","            }","        }());","        // init global","        local.global = local.modeJs === 'browser'","            ? window","            : global;","        switch (local.modeJs) {","        // re-init local from window.local","        case 'browser':","            local = local.global.utility2.objectSetDefault(","                local.global.utility2_rollup || local.global.local,","                local.global.utility2","            );","            break;","        // re-init local from example.js","        case 'node':","            local = (local.global.utility2_rollup || require('utility2'))","                .requireExampleJsFromReadme();","            break;","        }","        // export local","        local.global.local = local;","    }());","","","","    // run shared js-env code - function","    (function () {","        return;","    }());","    switch (local.modeJs) {","","","","    // run browser js-env code - function","    case 'browser':","        break;","","","","    // run node js-env code - function","    case 'node':","        break;","    }","","","","    // run shared js-env code - post-init","    (function () {","        return;","    }());","    switch (local.modeJs) {","","","","    // run browser js-env code - post-init","    case 'browser':","        local.testCase_browser_nullCase = local.testCase_browser_nullCase || function (","            options,","            onError","        ) {","        /*","         * this function will test browsers's null-case handling-behavior-behavior","         */","            onError(null, options);","        };","","        // run tests","        local.nop(local.modeTest &&","            document.querySelector('#testRunButton1') &&","            document.querySelector('#testRunButton1').click());","        break;","","","","    // run node js-env code - post-init","    /* istanbul ignore next */","    case 'node':","        local.testCase_buildApidoc_default = local.testCase_buildApidoc_default || function (","            options,","            onError","        ) {","        /*","         * this function will test buildApidoc's default handling-behavior-behavior","         */","            options = { modulePathList: module.paths };","            local.buildApidoc(options, onError);","        };","","        local.testCase_buildApp_default = local.testCase_buildApp_default || function (","            options,","            onError","        ) {","        /*","         * this function will test buildApp's default handling-behavior-behavior","         */","            local.testCase_buildReadme_default(options, local.onErrorThrow);","            local.testCase_buildLib_default(options, local.onErrorThrow);","            local.testCase_buildTest_default(options, local.onErrorThrow);","            local.testCase_buildCustomOrg_default(options, local.onErrorThrow);","            options = [];","            local.buildApp(options, onError);","        };","","        local.testCase_buildCustomOrg_default = local.testCase_buildCustomOrg_default ||","            function (options, onError) {","            /*","             * this function will test buildCustomOrg's default handling-behavior","             */","                options = {};","                local.buildCustomOrg(options, onError);","            };","","        local.testCase_buildLib_default = local.testCase_buildLib_default || function (","            options,","            onError","        ) {","        /*","         * this function will test buildLib's default handling-behavior","         */","            options = {};","            local.buildLib(options, onError);","        };","","        local.testCase_buildReadme_default = local.testCase_buildReadme_default || function (","            options,","            onError","        ) {","        /*","         * this function will test buildReadme's default handling-behavior-behavior","         */","            options = {};","            local.buildReadme(options, onError);","        };","","        local.testCase_buildTest_default = local.testCase_buildTest_default || function (","            options,","            onError","        ) {","        /*","         * this function will test buildTest's default handling-behavior","         */","            options = {};","            local.buildTest(options, onError);","        };","","        local.testCase_webpage_default = local.testCase_webpage_default || function (","            options,","            onError","        ) {","        /*","         * this function will test webpage's default handling-behavior","         */","            options = { modeCoverageMerge: true, url: local.serverLocalHost + '?modeTest=1' };","            local.browserTest(options, onError);","        };","","        // run test-server","        local.testRunServer(local);","        break;","    }","}());",""],"l":{"12":2,"14":2,"19":2,"21":2,"23":2,"24":2,"25":2,"30":1,"37":2,"40":2,"43":1,"47":1,"50":1,"52":1,"55":2,"61":2,"62":2,"64":2,"70":1,"76":1,"82":2,"83":2,"85":2,"91":1,"98":1,"102":1,"105":1,"112":1,"119":1,"120":1,"123":1,"130":1,"131":1,"132":1,"133":1,"134":1,"135":1,"138":1,"143":2,"144":2,"147":1,"154":2,"155":2,"158":1,"165":2,"166":2,"169":1,"176":2,"177":2,"180":1,"187":1,"188":1,"192":1,"193":1}},"/home/travis/build/npmtest/node-npmtest-qwest/lib.npmtest_qwest.js":{"path":"/home/travis/build/npmtest/node-npmtest-qwest/lib.npmtest_qwest.js","s":{"1":2,"2":2,"3":2,"4":2,"5":2,"6":2,"7":2,"8":1,"9":2,"10":2,"11":2,"12":2,"13":1,"14":1,"15":1,"16":1},"b":{"1":[2,1,1,1],"2":[1,1,1,1],"3":[1,1],"4":[2,2],"5":[1,1]},"f":{"1":2,"2":2,"3":2},"fnMap":{"1":{"name":"(anonymous_1)","line":12,"loc":{"start":{"line":12,"column":1},"end":{"line":12,"column":13}}},"2":{"name":"(anonymous_2)","line":19,"loc":{"start":{"line":19,"column":5},"end":{"line":19,"column":17}}},"3":{"name":"(anonymous_3)","line":23,"loc":{"start":{"line":23,"column":24},"end":{"line":23,"column":36}}}},"statementMap":{"1":{"start":{"line":12,"column":0},"end":{"line":53,"column":5}},"2":{"start":{"line":14,"column":4},"end":{"line":14,"column":14}},"3":{"start":{"line":19,"column":4},"end":{"line":52,"column":9}},"4":{"start":{"line":21,"column":8},"end":{"line":21,"column":19}},"5":{"start":{"line":23,"column":8},"end":{"line":35,"column":13}},"6":{"start":{"line":24,"column":12},"end":{"line":34,"column":13}},"7":{"start":{"line":25,"column":16},"end":{"line":28,"column":30}},"8":{"start":{"line":30,"column":16},"end":{"line":33,"column":27}},"9":{"start":{"line":37,"column":8},"end":{"line":39,"column":21}},"10":{"start":{"line":41,"column":8},"end":{"line":41,"column":54}},"11":{"start":{"line":43,"column":8},"end":{"line":43,"column":50}},"12":{"start":{"line":45,"column":8},"end":{"line":51,"column":9}},"13":{"start":{"line":46,"column":12},"end":{"line":46,"column":56}},"14":{"start":{"line":48,"column":12},"end":{"line":48,"column":35}},"15":{"start":{"line":49,"column":12},"end":{"line":49,"column":49}},"16":{"start":{"line":50,"column":12},"end":{"line":50,"column":43}}},"branchMap":{"1":{"line":25,"type":"binary-expr","locations":[{"start":{"line":25,"column":23},"end":{"line":25,"column":62}},{"start":{"line":26,"column":20},"end":{"line":26,"column":70}},{"start":{"line":27,"column":20},"end":{"line":27,"column":71}},{"start":{"line":28,"column":20},"end":{"line":28,"column":29}}]},"2":{"line":30,"type":"binary-expr","locations":[{"start":{"line":30,"column":23},"end":{"line":30,"column":37}},{"start":{"line":31,"column":20},"end":{"line":31,"column":61}},{"start":{"line":32,"column":20},"end":{"line":32,"column":70}},{"start":{"line":33,"column":20},"end":{"line":33,"column":26}}]},"3":{"line":37,"type":"cond-expr","locations":[{"start":{"line":38,"column":14},"end":{"line":38,"column":20}},{"start":{"line":39,"column":14},"end":{"line":39,"column":20}}]},"4":{"line":41,"type":"binary-expr","locations":[{"start":{"line":41,"column":16},"end":{"line":41,"column":44}},{"start":{"line":41,"column":48},"end":{"line":41,"column":53}}]},"5":{"line":45,"type":"if","locations":[{"start":{"line":45,"column":8},"end":{"line":45,"column":8}},{"start":{"line":45,"column":8},"end":{"line":45,"column":8}}]}},"code":["/* istanbul instrument in package npmtest_qwest */","/*jslint","    bitwise: true,","    browser: true,","    maxerr: 8,","    maxlen: 96,","    node: true,","    nomen: true,","    regexp: true,","    stupid: true","*/","(function () {","    'use strict';","    var local;","","","","    // run shared js-env code - pre-init","    (function () {","        // init local","        local = {};","        // init modeJs","        local.modeJs = (function () {","            try {","                return typeof navigator.userAgent === 'string' &&","                    typeof document.querySelector('body') === 'object' &&","                    typeof XMLHttpRequest.prototype.open === 'function' &&","                    'browser';","            } catch (errorCaughtBrowser) {","                return module.exports &&","                    typeof process.versions.node === 'string' &&","                    typeof require('http').createServer === 'function' &&","                    'node';","            }","        }());","        // init global","        local.global = local.modeJs === 'browser'","            ? window","            : global;","        // init utility2_rollup","        local = local.global.utility2_rollup || local;","        // init lib","        local.local = local.npmtest_qwest = local;","        // init exports","        if (local.modeJs === 'browser') {","            local.global.utility2_npmtest_qwest = local;","        } else {","            module.exports = local;","            module.exports.__dirname = __dirname;","            module.exports.module = module;","        }","    }());","}());",""],"l":{"12":2,"14":2,"19":2,"21":2,"23":2,"24":2,"25":2,"30":1,"37":2,"41":2,"43":2,"45":2,"46":1,"48":1,"49":1,"50":1}},"/home/travis/build/npmtest/node-npmtest-qwest/example.js":{"path":"/home/travis/build/npmtest/node-npmtest-qwest/example.js","s":{"1":2,"2":2,"3":2,"4":2,"5":2,"6":2,"7":2,"8":1,"9":2,"10":2,"11":2,"12":2,"13":1,"14":2,"15":2,"16":2,"17":2,"18":2,"19":0,"20":2,"21":1,"22":1,"23":1,"24":1,"25":1,"26":0,"27":0,"28":1,"29":1,"30":2,"31":0,"32":0,"33":0,"34":1,"35":2,"36":2,"37":3,"38":3,"39":3,"40":3,"41":0,"42":3,"43":3,"44":3,"45":1,"46":3,"47":1,"48":1,"49":1,"50":1,"51":1,"52":1,"53":1,"54":1,"55":1,"56":1,"57":0,"58":1,"59":6,"60":6,"61":1,"62":2,"63":0,"64":2,"65":1,"66":1,"67":0,"68":0,"69":0,"70":0,"71":0,"72":0,"73":0,"74":0,"75":0,"76":0,"77":0,"78":0,"79":0,"80":0,"81":0,"82":0,"83":0},"b":{"1":[2,1,1,1],"2":[1,1,1,1],"3":[1,1],"4":[2,2],"5":[1,1],"6":[1,1],"7":[2,0],"8":[2,1,1,1,1,1],"9":[0,2,0],"10":[1,1],"11":[2,1,1],"12":[1,0],"13":[0,2],"14":[2,0,0,0,0,0,0],"15":[0,3],"16":[3,0],"17":[1,1],"18":[0,1],"19":[1,2,0,2],"20":[1,0],"21":[1,1],"22":[0,0],"23":[0,0],"24":[0,0],"25":[0,0],"26":[0,0],"27":[0,0],"28":[0,0]},"f":{"1":2,"2":2,"3":2,"4":2,"5":2,"6":2,"7":3,"8":3,"9":3,"10":1,"11":6,"12":0},"fnMap":{"1":{"name":"(anonymous_1)","line":26,"loc":{"start":{"line":26,"column":1},"end":{"line":26,"column":13}}},"2":{"name":"(anonymous_2)","line":33,"loc":{"start":{"line":33,"column":5},"end":{"line":33,"column":17}}},"3":{"name":"(anonymous_3)","line":37,"loc":{"start":{"line":37,"column":24},"end":{"line":37,"column":36}}},"4":{"name":"(anonymous_4)","line":69,"loc":{"start":{"line":69,"column":31},"end":{"line":69,"column":48}},"skip":true},"5":{"name":"(anonymous_5)","line":78,"loc":{"start":{"line":78,"column":26},"end":{"line":78,"column":45}},"skip":true},"6":{"name":"(anonymous_6)","line":123,"loc":{"start":{"line":123,"column":33},"end":{"line":123,"column":48}},"skip":true},"7":{"name":"(anonymous_7)","line":125,"loc":{"start":{"line":125,"column":27},"end":{"line":125,"column":39}},"skip":true},"8":{"name":"(anonymous_8)","line":133,"loc":{"start":{"line":133,"column":59},"end":{"line":133,"column":74}},"skip":true},"9":{"name":"(anonymous_9)","line":143,"loc":{"start":{"line":143,"column":45},"end":{"line":143,"column":62}},"skip":true},"10":{"name":"(anonymous_10)","line":144,"loc":{"start":{"line":144,"column":73},"end":{"line":144,"column":92}},"skip":true},"11":{"name":"(anonymous_11)","line":272,"loc":{"start":{"line":272,"column":51},"end":{"line":272,"column":77}},"skip":true},"12":{"name":"(anonymous_12)","line":314,"loc":{"start":{"line":314,"column":32},"end":{"line":314,"column":61}},"skip":true}},"statementMap":{"1":{"start":{"line":26,"column":0},"end":{"line":325,"column":5}},"2":{"start":{"line":28,"column":4},"end":{"line":28,"column":14}},"3":{"start":{"line":33,"column":4},"end":{"line":60,"column":9}},"4":{"start":{"line":35,"column":8},"end":{"line":35,"column":19}},"5":{"start":{"line":37,"column":8},"end":{"line":49,"column":13}},"6":{"start":{"line":38,"column":12},"end":{"line":48,"column":13}},"7":{"start":{"line":39,"column":16},"end":{"line":42,"column":30}},"8":{"start":{"line":44,"column":16},"end":{"line":47,"column":27}},"9":{"start":{"line":51,"column":8},"end":{"line":53,"column":21}},"10":{"start":{"line":55,"column":8},"end":{"line":57,"column":45}},"11":{"start":{"line":59,"column":8},"end":{"line":59,"column":35}},"12":{"start":{"line":61,"column":4},"end":{"line":324,"column":5}},"13":{"start":{"line":69,"column":8},"end":{"line":121,"column":10},"skip":true},"14":{"start":{"line":70,"column":12},"end":{"line":88,"column":13},"skip":true},"15":{"start":{"line":76,"column":16},"end":{"line":87,"column":19},"skip":true},"16":{"start":{"line":79,"column":20},"end":{"line":86,"column":21},"skip":true},"17":{"start":{"line":82,"column":24},"end":{"line":82,"column":43},"skip":true},"18":{"start":{"line":83,"column":24},"end":{"line":83,"column":30},"skip":true},"19":{"start":{"line":85,"column":24},"end":{"line":85,"column":49},"skip":true},"20":{"start":{"line":89,"column":12},"end":{"line":107,"column":13},"skip":true},"21":{"start":{"line":92,"column":16},"end":{"line":102,"column":17},"skip":true},"22":{"start":{"line":93,"column":20},"end":{"line":93,"column":86},"skip":true},"23":{"start":{"line":94,"column":20},"end":{"line":95,"column":45},"skip":true},"24":{"start":{"line":96,"column":20},"end":{"line":96,"column":42},"skip":true},"25":{"start":{"line":97,"column":20},"end":{"line":97,"column":48},"skip":true},"26":{"start":{"line":100,"column":20},"end":{"line":100,"column":85},"skip":true},"27":{"start":{"line":101,"column":20},"end":{"line":101,"column":96},"skip":true},"28":{"start":{"line":103,"column":16},"end":{"line":103,"column":22},"skip":true},"29":{"start":{"line":106,"column":16},"end":{"line":106,"column":22},"skip":true},"30":{"start":{"line":108,"column":12},"end":{"line":120,"column":13},"skip":true},"31":{"start":{"line":114,"column":16},"end":{"line":119,"column":17},"skip":true},"32":{"start":{"line":116,"column":20},"end":{"line":116,"column":78},"skip":true},"33":{"start":{"line":118,"column":20},"end":{"line":118,"column":47},"skip":true},"34":{"start":{"line":123,"column":8},"end":{"line":141,"column":11},"skip":true},"35":{"start":{"line":124,"column":12},"end":{"line":124,"column":54},"skip":true},"36":{"start":{"line":125,"column":12},"end":{"line":140,"column":14},"skip":true},"37":{"start":{"line":126,"column":16},"end":{"line":126,"column":28},"skip":true},"38":{"start":{"line":127,"column":16},"end":{"line":127,"column":69},"skip":true},"39":{"start":{"line":128,"column":16},"end":{"line":128,"column":75},"skip":true},"40":{"start":{"line":129,"column":16},"end":{"line":131,"column":17},"skip":true},"41":{"start":{"line":130,"column":20},"end":{"line":130,"column":27},"skip":true},"42":{"start":{"line":133,"column":16},"end":{"line":137,"column":36},"skip":true},"43":{"start":{"line":134,"column":20},"end":{"line":136,"column":55},"skip":true},"44":{"start":{"line":139,"column":16},"end":{"line":139,"column":57},"skip":true},"45":{"start":{"line":143,"column":8},"end":{"line":147,"column":11},"skip":true},"46":{"start":{"line":144,"column":12},"end":{"line":146,"column":15},"skip":true},"47":{"start":{"line":145,"column":16},"end":{"line":145,"column":70},"skip":true},"48":{"start":{"line":149,"column":8},"end":{"line":149,"column":31},"skip":true},"49":{"start":{"line":150,"column":8},"end":{"line":150,"column":14},"skip":true},"50":{"start":{"line":158,"column":8},"end":{"line":158,"column":31},"skip":true},"51":{"start":{"line":160,"column":8},"end":{"line":160,"column":33},"skip":true},"52":{"start":{"line":161,"column":8},"end":{"line":161,"column":37},"skip":true},"53":{"start":{"line":162,"column":8},"end":{"line":162,"column":35},"skip":true},"54":{"start":{"line":164,"column":8},"end":{"line":164,"column":50},"skip":true},"55":{"start":{"line":166,"column":8},"end":{"line":256,"column":2},"skip":true},"56":{"start":{"line":258,"column":8},"end":{"line":286,"column":9},"skip":true},"57":{"start":{"line":259,"column":12},"end":{"line":269,"column":14},"skip":true},"58":{"start":{"line":271,"column":12},"end":{"line":285,"column":19},"skip":true},"59":{"start":{"line":274,"column":20},"end":{"line":274,"column":35},"skip":true},"60":{"start":{"line":275,"column":20},"end":{"line":284,"column":21},"skip":true},"61":{"start":{"line":277,"column":24},"end":{"line":277,"column":64},"skip":true},"62":{"start":{"line":279,"column":24},"end":{"line":279,"column":40},"skip":true},"63":{"start":{"line":281,"column":24},"end":{"line":281,"column":40},"skip":true},"64":{"start":{"line":283,"column":24},"end":{"line":283,"column":39},"skip":true},"65":{"start":{"line":288,"column":8},"end":{"line":290,"column":9},"skip":true},"66":{"start":{"line":289,"column":12},"end":{"line":289,"column":18},"skip":true},"67":{"start":{"line":291,"column":8},"end":{"line":293,"column":54},"skip":true},"68":{"start":{"line":294,"column":8},"end":{"line":301,"column":37},"skip":true},"69":{"start":{"line":302,"column":8},"end":{"line":302,"column":82},"skip":true},"70":{"start":{"line":305,"column":8},"end":{"line":307,"column":9},"skip":true},"71":{"start":{"line":306,"column":12},"end":{"line":306,"column":82},"skip":true},"72":{"start":{"line":309,"column":8},"end":{"line":311,"column":9},"skip":true},"73":{"start":{"line":310,"column":12},"end":{"line":310,"column":18},"skip":true},"74":{"start":{"line":312,"column":8},"end":{"line":312,"column":54},"skip":true},"75":{"start":{"line":313,"column":8},"end":{"line":313,"column":69},"skip":true},"76":{"start":{"line":314,"column":8},"end":{"line":322,"column":36},"skip":true},"77":{"start":{"line":315,"column":12},"end":{"line":315,"column":61},"skip":true},"78":{"start":{"line":316,"column":12},"end":{"line":319,"column":13},"skip":true},"79":{"start":{"line":317,"column":16},"end":{"line":317,"column":75},"skip":true},"80":{"start":{"line":318,"column":16},"end":{"line":318,"column":23},"skip":true},"81":{"start":{"line":320,"column":12},"end":{"line":320,"column":38},"skip":true},"82":{"start":{"line":321,"column":12},"end":{"line":321,"column":27},"skip":true},"83":{"start":{"line":323,"column":8},"end":{"line":323,"column":14},"skip":true}},"branchMap":{"1":{"line":39,"type":"binary-expr","locations":[{"start":{"line":39,"column":23},"end":{"line":39,"column":62}},{"start":{"line":40,"column":20},"end":{"line":40,"column":70}},{"start":{"line":41,"column":20},"end":{"line":41,"column":71}},{"start":{"line":42,"column":20},"end":{"line":42,"column":29}}]},"2":{"line":44,"type":"binary-expr","locations":[{"start":{"line":44,"column":23},"end":{"line":44,"column":37}},{"start":{"line":45,"column":20},"end":{"line":45,"column":61}},{"start":{"line":46,"column":20},"end":{"line":46,"column":70}},{"start":{"line":47,"column":20},"end":{"line":47,"column":26}}]},"3":{"line":51,"type":"cond-expr","locations":[{"start":{"line":52,"column":14},"end":{"line":52,"column":20}},{"start":{"line":53,"column":14},"end":{"line":53,"column":20}}]},"4":{"line":55,"type":"binary-expr","locations":[{"start":{"line":55,"column":16},"end":{"line":55,"column":44}},{"start":{"line":55,"column":49},"end":{"line":57,"column":43}}]},"5":{"line":55,"type":"cond-expr","locations":[{"start":{"line":56,"column":14},"end":{"line":56,"column":49}},{"start":{"line":57,"column":14},"end":{"line":57,"column":43}}]},"6":{"line":61,"type":"switch","locations":[{"start":{"line":68,"column":4},"end":{"line":150,"column":14},"skip":true},{"start":{"line":156,"column":4},"end":{"line":323,"column":14},"skip":true}]},"7":{"line":70,"type":"if","locations":[{"start":{"line":70,"column":12},"end":{"line":70,"column":12},"skip":true},{"start":{"line":70,"column":12},"end":{"line":70,"column":12},"skip":true}]},"8":{"line":70,"type":"binary-expr","locations":[{"start":{"line":70,"column":16},"end":{"line":70,"column":22},"skip":true},{"start":{"line":70,"column":27},"end":{"line":70,"column":32},"skip":true},{"start":{"line":71,"column":20},"end":{"line":71,"column":39},"skip":true},{"start":{"line":72,"column":20},"end":{"line":72,"column":49},"skip":true},{"start":{"line":73,"column":20},"end":{"line":73,"column":58},"skip":true},{"start":{"line":74,"column":20},"end":{"line":74,"column":69},"skip":true}]},"9":{"line":79,"type":"switch","locations":[{"start":{"line":80,"column":20},"end":{"line":80,"column":33},"skip":true},{"start":{"line":81,"column":20},"end":{"line":83,"column":30},"skip":true},{"start":{"line":84,"column":20},"end":{"line":85,"column":49},"skip":true}]},"10":{"line":89,"type":"switch","locations":[{"start":{"line":90,"column":12},"end":{"line":103,"column":22},"skip":true},{"start":{"line":105,"column":12},"end":{"line":106,"column":22},"skip":true}]},"11":{"line":89,"type":"binary-expr","locations":[{"start":{"line":89,"column":20},"end":{"line":89,"column":25},"skip":true},{"start":{"line":89,"column":29},"end":{"line":89,"column":48},"skip":true},{"start":{"line":89,"column":52},"end":{"line":89,"column":74},"skip":true}]},"12":{"line":92,"type":"if","locations":[{"start":{"line":92,"column":16},"end":{"line":92,"column":16},"skip":true},{"start":{"line":92,"column":16},"end":{"line":92,"column":16},"skip":true}]},"13":{"line":108,"type":"if","locations":[{"start":{"line":108,"column":12},"end":{"line":108,"column":12},"skip":true},{"start":{"line":108,"column":12},"end":{"line":108,"column":12},"skip":true}]},"14":{"line":108,"type":"binary-expr","locations":[{"start":{"line":108,"column":16},"end":{"line":108,"column":61},"skip":true},{"start":{"line":108,"column":66},"end":{"line":108,"column":72},"skip":true},{"start":{"line":108,"column":77},"end":{"line":108,"column":82},"skip":true},{"start":{"line":109,"column":20},"end":{"line":109,"column":39},"skip":true},{"start":{"line":110,"column":20},"end":{"line":110,"column":49},"skip":true},{"start":{"line":111,"column":20},"end":{"line":111,"column":58},"skip":true},{"start":{"line":112,"column":20},"end":{"line":112,"column":68},"skip":true}]},"15":{"line":129,"type":"if","locations":[{"start":{"line":129,"column":16},"end":{"line":129,"column":16},"skip":true},{"start":{"line":129,"column":16},"end":{"line":129,"column":16},"skip":true}]},"16":{"line":134,"type":"cond-expr","locations":[{"start":{"line":135,"column":26},"end":{"line":135,"column":29},"skip":true},{"start":{"line":136,"column":26},"end":{"line":136,"column":54},"skip":true}]},"17":{"line":164,"type":"binary-expr","locations":[{"start":{"line":164,"column":27},"end":{"line":164,"column":43},"skip":true},{"start":{"line":164,"column":47},"end":{"line":164,"column":49},"skip":true}]},"18":{"line":258,"type":"if","locations":[{"start":{"line":258,"column":8},"end":{"line":258,"column":8},"skip":true},{"start":{"line":258,"column":8},"end":{"line":258,"column":8},"skip":true}]},"19":{"line":275,"type":"switch","locations":[{"start":{"line":276,"column":20},"end":{"line":277,"column":64},"skip":true},{"start":{"line":278,"column":20},"end":{"line":279,"column":40},"skip":true},{"start":{"line":280,"column":20},"end":{"line":281,"column":40},"skip":true},{"start":{"line":282,"column":20},"end":{"line":283,"column":39},"skip":true}]},"20":{"line":288,"type":"if","locations":[{"start":{"line":288,"column":8},"end":{"line":288,"column":8},"skip":true},{"start":{"line":288,"column":8},"end":{"line":288,"column":8},"skip":true}]},"21":{"line":288,"type":"binary-expr","locations":[{"start":{"line":288,"column":12},"end":{"line":288,"column":40},"skip":true},{"start":{"line":288,"column":44},"end":{"line":288,"column":67},"skip":true}]},"22":{"line":292,"type":"binary-expr","locations":[{"start":{"line":292,"column":12},"end":{"line":292,"column":50},"skip":true},{"start":{"line":293,"column":12},"end":{"line":293,"column":53},"skip":true}]},"23":{"line":295,"type":"binary-expr","locations":[{"start":{"line":295,"column":12},"end":{"line":295,"column":63},"skip":true},{"start":{"line":296,"column":12},"end":{"line":301,"column":36},"skip":true}]},"24":{"line":302,"type":"binary-expr","locations":[{"start":{"line":302,"column":43},"end":{"line":302,"column":75},"skip":true},{"start":{"line":302,"column":79},"end":{"line":302,"column":81},"skip":true}]},"25":{"line":305,"type":"if","locations":[{"start":{"line":305,"column":8},"end":{"line":305,"column":8},"skip":true},{"start":{"line":305,"column":8},"end":{"line":305,"column":8},"skip":true}]},"26":{"line":309,"type":"if","locations":[{"start":{"line":309,"column":8},"end":{"line":309,"column":8},"skip":true},{"start":{"line":309,"column":8},"end":{"line":309,"column":8},"skip":true}]},"27":{"line":312,"type":"binary-expr","locations":[{"start":{"line":312,"column":27},"end":{"line":312,"column":43},"skip":true},{"start":{"line":312,"column":47},"end":{"line":312,"column":53},"skip":true}]},"28":{"line":316,"type":"if","locations":[{"start":{"line":316,"column":12},"end":{"line":316,"column":12},"skip":true},{"start":{"line":316,"column":12},"end":{"line":316,"column":12},"skip":true}]}},"code":["/*","example.js","","quickstart example","","instruction","    1. save this script as example.js","    2. run the shell command:","        $ npm install npmtest-qwest && PORT=8081 node example.js","    3. play with the browser-demo on http://127.0.0.1:8081","*/","","","","/* istanbul instrument in package npmtest_qwest */","/*jslint","    bitwise: true,","    browser: true,","    maxerr: 8,","    maxlen: 96,","    node: true,","    nomen: true,","    regexp: true,","    stupid: true","*/","(function () {","    'use strict';","    var local;","","","","    // run shared js-env code - pre-init","    (function () {","        // init local","        local = {};","        // init modeJs","        local.modeJs = (function () {","            try {","                return typeof navigator.userAgent === 'string' &&","                    typeof document.querySelector('body') === 'object' &&","                    typeof XMLHttpRequest.prototype.open === 'function' &&","                    'browser';","            } catch (errorCaughtBrowser) {","                return module.exports &&","                    typeof process.versions.node === 'string' &&","                    typeof require('http').createServer === 'function' &&","                    'node';","            }","        }());","        // init global","        local.global = local.modeJs === 'browser'","            ? window","            : global;","        // init utility2_rollup","        local = local.global.utility2_rollup || (local.modeJs === 'browser'","            ? local.global.utility2_npmtest_qwest","            : global.utility2_moduleExports);","        // export local","        local.global.local = local;","    }());","    switch (local.modeJs) {","","","","    // post-init","    // run browser js-env code - post-init","    /* istanbul ignore next */","    case 'browser':","        local.testRunBrowser = function (event) {","            if (!event || (event &&","                    event.currentTarget &&","                    event.currentTarget.className &&","                    event.currentTarget.className.includes &&","                    event.currentTarget.className.includes('onreset'))) {","                // reset output","                Array.from(","                    document.querySelectorAll('body > .resettable')","                ).forEach(function (element) {","                    switch (element.tagName) {","                    case 'INPUT':","                    case 'TEXTAREA':","                        element.value = '';","                        break;","                    default:","                        element.textContent = '';","                    }","                });","            }","            switch (event && event.currentTarget && event.currentTarget.id) {","            case 'testRunButton1':","                // show tests","                if (document.querySelector('#testReportDiv1').style.display === 'none') {","                    document.querySelector('#testReportDiv1').style.display = 'block';","                    document.querySelector('#testRunButton1').textContent =","                        'hide internal test';","                    local.modeTest = true;","                    local.testRunDefault(local);","                // hide tests","                } else {","                    document.querySelector('#testReportDiv1').style.display = 'none';","                    document.querySelector('#testRunButton1').textContent = 'run internal test';","                }","                break;","            // custom-case","            default:","                break;","            }","            if (document.querySelector('#inputTextareaEval1') && (!event || (event &&","                    event.currentTarget &&","                    event.currentTarget.className &&","                    event.currentTarget.className.includes &&","                    event.currentTarget.className.includes('oneval')))) {","                // try to eval input-code","                try {","                    /*jslint evil: true*/","                    eval(document.querySelector('#inputTextareaEval1').value);","                } catch (errorCaught) {","                    console.error(errorCaught);","                }","            }","        };","        // log stderr and stdout to #outputTextareaStdout1","        ['error', 'log'].forEach(function (key) {","            console[key + '_original'] = console[key];","            console[key] = function () {","                var element;","                console[key + '_original'].apply(console, arguments);","                element = document.querySelector('#outputTextareaStdout1');","                if (!element) {","                    return;","                }","                // append text to #outputTextareaStdout1","                element.value += Array.from(arguments).map(function (arg) {","                    return typeof arg === 'string'","                        ? arg","                        : JSON.stringify(arg, null, 4);","                }).join(' ') + '\\n';","                // scroll textarea to bottom","                element.scrollTop = element.scrollHeight;","            };","        });","        // init event-handling","        ['change', 'click', 'keyup'].forEach(function (event) {","            Array.from(document.querySelectorAll('.on' + event)).forEach(function (element) {","                element.addEventListener(event, local.testRunBrowser);","            });","        });","        // run tests","        local.testRunBrowser();","        break;","","","","    // run node js-env code - post-init","    /* istanbul ignore next */","    case 'node':","        // export local","        module.exports = local;","        // require modules","        local.fs = require('fs');","        local.http = require('http');","        local.url = require('url');","        // init assets","        local.assetsDict = local.assetsDict || {};","        /* jslint-ignore-begin */","        local.assetsDict['/assets.index.template.html'] = '\\","<!doctype html>\\n\\","<html lang=\"en\">\\n\\","<head>\\n\\","<meta charset=\"UTF-8\">\\n\\","<meta name=\"viewport\" content=\"width=device-width, initial-scale=1\">\\n\\","<title>{{env.npm_package_name}} (v{{env.npm_package_version}})</title>\\n\\","<style>\\n\\","/*csslint\\n\\","    box-sizing: false,\\n\\","    universal-selector: false\\n\\","*/\\n\\","* {\\n\\","    box-sizing: border-box;\\n\\","}\\n\\","body {\\n\\","    background: #dde;\\n\\","    font-family: Arial, Helvetica, sans-serif;\\n\\","    margin: 2rem;\\n\\","}\\n\\","body > * {\\n\\","    margin-bottom: 1rem;\\n\\","}\\n\\",".utility2FooterDiv {\\n\\","    margin-top: 20px;\\n\\","    text-align: center;\\n\\","}\\n\\","</style>\\n\\","<style>\\n\\","/*csslint\\n\\","*/\\n\\","textarea {\\n\\","    font-family: monospace;\\n\\","    height: 10rem;\\n\\","    width: 100%;\\n\\","}\\n\\","textarea[readonly] {\\n\\","    background: #ddd;\\n\\","}\\n\\","</style>\\n\\","</head>\\n\\","<body>\\n\\","<!-- utility2-comment\\n\\","<div id=\"ajaxProgressDiv1\" style=\"background: #d00; height: 2px; left: 0; margin: 0; padding: 0; position: fixed; top: 0; transition: background 0.5s, width 1.5s; width: 25%;\"></div>\\n\\","utility2-comment -->\\n\\","<h1>\\n\\","<!-- utility2-comment\\n\\","    <a\\n\\","        {{#if env.npm_package_homepage}}\\n\\","        href=\"{{env.npm_package_homepage}}\"\\n\\","        {{/if env.npm_package_homepage}}\\n\\","        target=\"_blank\"\\n\\","    >\\n\\","utility2-comment -->\\n\\","        {{env.npm_package_name}} (v{{env.npm_package_version}})\\n\\","<!-- utility2-comment\\n\\","    </a>\\n\\","utility2-comment -->\\n\\","</h1>\\n\\","<h3>{{env.npm_package_description}}</h3>\\n\\","<!-- utility2-comment\\n\\","<h4><a download href=\"assets.app.js\">download standalone app</a></h4>\\n\\","<button class=\"onclick onreset\" id=\"testRunButton1\">run internal test</button><br>\\n\\","<div id=\"testReportDiv1\" style=\"display: none;\"></div>\\n\\","utility2-comment -->\\n\\","\\n\\","\\n\\","\\n\\","<label>stderr and stdout</label>\\n\\","<textarea class=\"resettable\" id=\"outputTextareaStdout1\" readonly></textarea>\\n\\","<!-- utility2-comment\\n\\","{{#if isRollup}}\\n\\","<script src=\"assets.app.js\"></script>\\n\\","{{#unless isRollup}}\\n\\","utility2-comment -->\\n\\","<script src=\"assets.utility2.rollup.js\"></script>\\n\\","<script src=\"jsonp.utility2._stateInit?callback=window.utility2._stateInit\"></script>\\n\\","<script src=\"assets.npmtest_qwest.rollup.js\"></script>\\n\\","<script src=\"assets.example.js\"></script>\\n\\","<script src=\"assets.test.js\"></script>\\n\\","<!-- utility2-comment\\n\\","{{/if isRollup}}\\n\\","utility2-comment -->\\n\\","<div class=\"utility2FooterDiv\">\\n\\","    [ this app was created with\\n\\","    <a href=\"https://github.com/kaizhu256/node-utility2\" target=\"_blank\">utility2</a>\\n\\","    ]\\n\\","</div>\\n\\","</body>\\n\\","</html>\\n\\","';","        /* jslint-ignore-end */","        if (local.templateRender) {","            local.assetsDict['/'] = local.templateRender(","                local.assetsDict['/assets.index.template.html'],","                {","                    env: local.objectSetDefault(local.env, {","                        npm_package_description: 'the greatest app in the world!',","                        npm_package_name: 'my-app',","                        npm_package_nameAlias: 'my_app',","                        npm_package_version: '0.0.1'","                    })","                }","            );","        } else {","            local.assetsDict['/'] = local.assetsDict['/assets.index.template.html']","                .replace((/\\{\\{env\\.(\\w+?)\\}\\}/g), function (match0, match1) {","                    // jslint-hack","                    String(match0);","                    switch (match1) {","                    case 'npm_package_description':","                        return 'the greatest app in the world!';","                    case 'npm_package_name':","                        return 'my-app';","                    case 'npm_package_nameAlias':","                        return 'my_app';","                    case 'npm_package_version':","                        return '0.0.1';","                    }","                });","        }","        // run the cli","        if (local.global.utility2_rollup || module !== require.main) {","            break;","        }","        local.assetsDict['/assets.example.js'] =","            local.assetsDict['/assets.example.js'] ||","            local.fs.readFileSync(__filename, 'utf8');","        local.assetsDict['/assets.npmtest_qwest.rollup.js'] =","            local.assetsDict['/assets.npmtest_qwest.rollup.js'] ||","            local.fs.readFileSync(","                // buildCustomOrg-hack","                local.npmtest_qwest.__dirname +","                    '/lib.npmtest_qwest.js',","                'utf8'","            ).replace((/^#!/), '//');","        local.assetsDict['/favicon.ico'] = local.assetsDict['/favicon.ico'] || '';","        // if $npm_config_timeout_exit exists,","        // then exit this process after $npm_config_timeout_exit ms","        if (Number(process.env.npm_config_timeout_exit)) {","            setTimeout(process.exit, Number(process.env.npm_config_timeout_exit));","        }","        // start server","        if (local.global.utility2_serverHttp1) {","            break;","        }","        process.env.PORT = process.env.PORT || '8081';","        console.error('server starting on port ' + process.env.PORT);","        local.http.createServer(function (request, response) {","            request.urlParsed = local.url.parse(request.url);","            if (local.assetsDict[request.urlParsed.pathname] !== undefined) {","                response.end(local.assetsDict[request.urlParsed.pathname]);","                return;","            }","            response.statusCode = 404;","            response.end();","        }).listen(process.env.PORT);","        break;","    }","}());",""],"l":{"26":2,"28":2,"33":2,"35":2,"37":2,"38":2,"39":2,"44":1,"51":2,"55":2,"59":2,"61":2,"69":1,"70":2,"76":2,"79":2,"82":2,"83":2,"85":1,"89":2,"92":1,"93":1,"94":1,"96":1,"97":1,"100":1,"101":1,"103":1,"106":1,"108":2,"114":1,"116":1,"118":1,"123":1,"124":2,"125":2,"126":3,"127":3,"128":3,"129":3,"130":1,"133":3,"134":3,"139":3,"143":1,"144":3,"145":1,"149":1,"150":1,"158":1,"160":1,"161":1,"162":1,"164":1,"166":1,"258":1,"259":1,"271":1,"274":6,"275":6,"277":1,"279":2,"281":1,"283":2,"288":1,"289":1,"291":1,"294":1,"302":1,"305":1,"306":1,"309":1,"310":1,"312":1,"313":1,"314":1,"315":1,"316":1,"317":1,"318":1,"320":1,"321":1,"323":1}},"/home/travis/build/npmtest/node-npmtest-qwest/node_modules/qwest/src/qwest.js":{"path":"/home/travis/build/npmtest/node-npmtest-qwest/node_modules/qwest/src/qwest.js","s":{"1":2,"2":2,"3":0,"4":0,"5":0,"6":0,"7":0,"8":0,"9":0,"10":0,"11":0,"12":0,"13":0,"14":0,"15":0,"16":0,"17":0,"18":0,"19":0,"20":0,"21":0,"22":0,"23":0,"24":0,"25":0,"26":0,"27":0,"28":0,"29":0,"30":0,"31":0,"32":0,"33":0,"34":0,"35":0,"36":0,"37":0,"38":0,"39":0,"40":0,"41":0,"42":0,"43":0,"44":0,"45":0,"46":0,"47":0,"48":0,"49":0,"50":0,"51":0,"52":0,"53":0,"54":0,"55":0,"56":0,"57":0,"58":0,"59":0,"60":0,"61":0,"62":0,"63":0,"64":0,"65":0,"66":0,"67":0,"68":0,"69":0,"70":0,"71":0,"72":0,"73":0,"74":0,"75":0,"76":0,"77":0,"78":0,"79":0,"80":0,"81":0,"82":0,"83":0,"84":0,"85":0,"86":0,"87":0,"88":0,"89":0,"90":0,"91":0,"92":0,"93":0,"94":0,"95":0,"96":0,"97":0,"98":0,"99":0,"100":0,"101":0,"102":0,"103":0,"104":0,"105":0,"106":0,"107":0,"108":0,"109":0,"110":0,"111":0,"112":0,"113":0,"114":0,"115":0,"116":0,"117":0,"118":0,"119":0,"120":0,"121":0,"122":0,"123":0,"124":0,"125":0,"126":0,"127":0,"128":0,"129":0,"130":0,"131":0,"132":0,"133":0,"134":0,"135":0,"136":0,"137":0,"138":0,"139":0,"140":0,"141":0,"142":0,"143":0,"144":0,"145":0,"146":0,"147":0,"148":0,"149":0,"150":0,"151":0,"152":0,"153":0,"154":0,"155":0,"156":0,"157":0,"158":0,"159":0,"160":0,"161":0,"162":0,"163":0,"164":0,"165":0,"166":0,"167":0,"168":0,"169":0,"170":0,"171":0,"172":0,"173":0,"174":0,"175":0,"176":0,"177":0,"178":0,"179":0,"180":0,"181":0,"182":0,"183":0,"184":0,"185":0,"186":0,"187":0,"188":0,"189":0,"190":0,"191":0,"192":0,"193":0,"194":0,"195":0,"196":0,"197":0,"198":0,"199":0,"200":0,"201":0,"202":0,"203":0,"204":0,"205":0,"206":0,"207":0,"208":0,"209":0,"210":0,"211":0,"212":0,"213":0,"214":0,"215":0,"216":0,"217":0,"218":0,"219":0,"220":0,"221":0,"222":0,"223":0,"224":0,"225":0,"226":0,"227":0,"228":0,"229":0,"230":0},"b":{"1":[0,2],"2":[0,0],"3":[0,0],"4":[0,0],"5":[0,0],"6":[0,0],"7":[0,0],"8":[0,0],"9":[0,0],"10":[0,0],"11":[0,0],"12":[0,0],"13":[0,0],"14":[0,0],"15":[0,0],"16":[0,0],"17":[0,0],"18":[0,0],"19":[0,0],"20":[0,0],"21":[0,0],"22":[0,0],"23":[0,0],"24":[0,0],"25":[0,0],"26":[0,0],"27":[0,0],"28":[0,0],"29":[0,0],"30":[0,0],"31":[0,0],"32":[0,0],"33":[0,0],"34":[0,0],"35":[0,0],"36":[0,0],"37":[0,0],"38":[0,0],"39":[0,0],"40":[0,0],"41":[0,0],"42":[0,0],"43":[0,0],"44":[0,0],"45":[0,0],"46":[0,0],"47":[0,0],"48":[0,0],"49":[0,0],"50":[0,0],"51":[0,0,0],"52":[0,0],"53":[0,0],"54":[0,0],"55":[0,0],"56":[0,0,0],"57":[0,0],"58":[0,0],"59":[0,0],"60":[0,0],"61":[0,0],"62":[0,0],"63":[0,0],"64":[0,0],"65":[0,0],"66":[0,0],"67":[0,0],"68":[0,0],"69":[0,0],"70":[0,0],"71":[0,0],"72":[0,0],"73":[0,0],"74":[0,0],"75":[0,0],"76":[0,0],"77":[0,0],"78":[0,0],"79":[0,0],"80":[0,0],"81":[0,0],"82":[0,0],"83":[0,0],"84":[0,0],"85":[0,0],"86":[0,0],"87":[0,0],"88":[0,0],"89":[0,0],"90":[0,0],"91":[0,0],"92":[0,0],"93":[0,0],"94":[0,0],"95":[0,0],"96":[0,0,0],"97":[0,0],"98":[0,0],"99":[0,0],"100":[0,0],"101":[0,0]},"f":{"1":2,"2":0,"3":0,"4":0,"5":0,"6":0,"7":0,"8":0,"9":0,"10":0,"11":0,"12":0,"13":0,"14":0,"15":0,"16":0,"17":0,"18":0,"19":0,"20":0,"21":0,"22":0,"23":0,"24":0,"25":0,"26":0,"27":0,"28":0,"29":0,"30":0,"31":0,"32":0,"33":0,"34":0,"35":0,"36":0,"37":0},"fnMap":{"1":{"name":"(anonymous_1)","line":3,"loc":{"start":{"line":3,"column":17},"end":{"line":3,"column":28}}},"2":{"name":"(anonymous_2)","line":18,"loc":{"start":{"line":18,"column":34},"end":{"line":18,"column":44}}},"3":{"name":"(anonymous_3)","line":20,"loc":{"start":{"line":20,"column":5},"end":{"line":20,"column":15}}},"4":{"name":"(anonymous_4)","line":27,"loc":{"start":{"line":27,"column":9},"end":{"line":27,"column":54}}},"5":{"name":"(anonymous_5)","line":71,"loc":{"start":{"line":71,"column":23},"end":{"line":71,"column":39}}},"6":{"name":"(anonymous_6)","line":72,"loc":{"start":{"line":72,"column":17},"end":{"line":72,"column":28}}},"7":{"name":"(anonymous_7)","line":84,"loc":{"start":{"line":84,"column":16},"end":{"line":84,"column":27}}},"8":{"name":"(anonymous_8)","line":147,"loc":{"start":{"line":147,"column":23},"end":{"line":147,"column":34}}},"9":{"name":"(anonymous_9)","line":151,"loc":{"start":{"line":151,"column":30},"end":{"line":151,"column":41}}},"10":{"name":"(anonymous_10)","line":169,"loc":{"start":{"line":169,"column":21},"end":{"line":169,"column":32}}},"11":{"name":"(anonymous_11)","line":182,"loc":{"start":{"line":182,"column":16},"end":{"line":182,"column":27}}},"12":{"name":"(anonymous_12)","line":194,"loc":{"start":{"line":194,"column":19},"end":{"line":194,"column":30}}},"13":{"name":"(anonymous_13)","line":295,"loc":{"start":{"line":295,"column":16},"end":{"line":295,"column":34}}},"14":{"name":"(anonymous_14)","line":304,"loc":{"start":{"line":304,"column":18},"end":{"line":304,"column":29}}},"15":{"name":"(anonymous_15)","line":357,"loc":{"start":{"line":357,"column":16},"end":{"line":357,"column":38}}},"16":{"name":"(anonymous_16)","line":397,"loc":{"start":{"line":397,"column":21},"end":{"line":397,"column":33}}},"17":{"name":"(anonymous_17)","line":403,"loc":{"start":{"line":403,"column":21},"end":{"line":403,"column":37}}},"18":{"name":"(anonymous_18)","line":406,"loc":{"start":{"line":406,"column":20},"end":{"line":406,"column":37}}},"19":{"name":"(anonymous_19)","line":407,"loc":{"start":{"line":407,"column":13},"end":{"line":407,"column":50}}},"20":{"name":"(anonymous_20)","line":410,"loc":{"start":{"line":410,"column":81},"end":{"line":410,"column":105}}},"21":{"name":"(anonymous_21)","line":415,"loc":{"start":{"line":415,"column":10},"end":{"line":415,"column":21}}},"22":{"name":"(anonymous_22)","line":426,"loc":{"start":{"line":426,"column":21},"end":{"line":426,"column":33}}},"23":{"name":"(anonymous_23)","line":429,"loc":{"start":{"line":429,"column":21},"end":{"line":429,"column":33}}},"24":{"name":"(anonymous_24)","line":430,"loc":{"start":{"line":430,"column":16},"end":{"line":430,"column":27}}},"25":{"name":"(anonymous_25)","line":435,"loc":{"start":{"line":435,"column":16},"end":{"line":435,"column":59}}},"26":{"name":"(anonymous_26)","line":445,"loc":{"start":{"line":445,"column":17},"end":{"line":445,"column":28}}},"27":{"name":"(anonymous_27)","line":451,"loc":{"start":{"line":451,"column":18},"end":{"line":451,"column":29}}},"28":{"name":"(anonymous_28)","line":462,"loc":{"start":{"line":462,"column":8},"end":{"line":462,"column":19}}},"29":{"name":"(anonymous_29)","line":465,"loc":{"start":{"line":465,"column":9},"end":{"line":465,"column":20}}},"30":{"name":"(anonymous_30)","line":468,"loc":{"start":{"line":468,"column":8},"end":{"line":468,"column":19}}},"31":{"name":"(anonymous_31)","line":471,"loc":{"start":{"line":471,"column":13},"end":{"line":471,"column":24}}},"32":{"name":"(anonymous_32)","line":474,"loc":{"start":{"line":474,"column":8},"end":{"line":474,"column":19}}},"33":{"name":"(anonymous_33)","line":478,"loc":{"start":{"line":478,"column":10},"end":{"line":478,"column":23}}},"34":{"name":"(anonymous_34)","line":482,"loc":{"start":{"line":482,"column":22},"end":{"line":482,"column":40}}},"35":{"name":"(anonymous_35)","line":486,"loc":{"start":{"line":486,"column":30},"end":{"line":486,"column":45}}},"36":{"name":"(anonymous_36)","line":490,"loc":{"start":{"line":490,"column":23},"end":{"line":490,"column":38}}},"37":{"name":"(anonymous_37)","line":494,"loc":{"start":{"line":494,"column":20},"end":{"line":494,"column":31}}}},"statementMap":{"1":{"start":{"line":3,"column":0},"end":{"line":501,"column":4}},"2":{"start":{"line":5,"column":1},"end":{"line":394,"column":3}},"3":{"start":{"line":19,"column":3},"end":{"line":19,"column":38}},"4":{"start":{"line":21,"column":3},"end":{"line":21,"column":49}},"5":{"start":{"line":29,"column":2},"end":{"line":29,"column":32}},"6":{"start":{"line":30,"column":2},"end":{"line":30,"column":22}},"7":{"start":{"line":31,"column":2},"end":{"line":31,"column":26}},"8":{"start":{"line":32,"column":2},"end":{"line":43,"column":3}},"9":{"start":{"line":33,"column":3},"end":{"line":42,"column":4}},"10":{"start":{"line":34,"column":4},"end":{"line":41,"column":5}},"11":{"start":{"line":35,"column":5},"end":{"line":37,"column":6}},"12":{"start":{"line":36,"column":6},"end":{"line":36,"column":57}},"13":{"start":{"line":40,"column":5},"end":{"line":40,"column":42}},"14":{"start":{"line":46,"column":2},"end":{"line":315,"column":4}},"15":{"start":{"line":72,"column":3},"end":{"line":83,"column":5}},"16":{"start":{"line":73,"column":4},"end":{"line":82,"column":5}},"17":{"start":{"line":74,"column":5},"end":{"line":76,"column":6}},"18":{"start":{"line":75,"column":6},"end":{"line":75,"column":18}},"19":{"start":{"line":77,"column":5},"end":{"line":80,"column":6}},"20":{"start":{"line":78,"column":6},"end":{"line":78,"column":17}},"21":{"start":{"line":79,"column":6},"end":{"line":79,"column":22}},"22":{"start":{"line":81,"column":5},"end":{"line":81,"column":20}},"23":{"start":{"line":84,"column":3},"end":{"line":189,"column":5}},"24":{"start":{"line":86,"column":4},"end":{"line":88,"column":5}},"25":{"start":{"line":87,"column":5},"end":{"line":87,"column":12}},"26":{"start":{"line":90,"column":4},"end":{"line":93,"column":5}},"27":{"start":{"line":91,"column":5},"end":{"line":91,"column":31}},"28":{"start":{"line":92,"column":5},"end":{"line":92,"column":12}},"29":{"start":{"line":95,"column":4},"end":{"line":100,"column":5}},"30":{"start":{"line":96,"column":5},"end":{"line":98,"column":6}},"31":{"start":{"line":97,"column":6},"end":{"line":97,"column":35}},"32":{"start":{"line":99,"column":5},"end":{"line":99,"column":12}},"33":{"start":{"line":102,"column":4},"end":{"line":102,"column":15}},"34":{"start":{"line":103,"column":4},"end":{"line":103,"column":19}},"35":{"start":{"line":105,"column":4},"end":{"line":105,"column":19}},"36":{"start":{"line":106,"column":4},"end":{"line":114,"column":5}},"37":{"start":{"line":107,"column":5},"end":{"line":113,"column":6}},"38":{"start":{"line":108,"column":6},"end":{"line":108,"column":33}},"39":{"start":{"line":109,"column":6},"end":{"line":109,"column":17}},"40":{"start":{"line":110,"column":6},"end":{"line":112,"column":7}},"41":{"start":{"line":111,"column":7},"end":{"line":111,"column":23}},"42":{"start":{"line":116,"column":4},"end":{"line":124,"column":5}},"43":{"start":{"line":117,"column":5},"end":{"line":117,"column":27}},"44":{"start":{"line":120,"column":5},"end":{"line":120,"column":74}},"45":{"start":{"line":121,"column":5},"end":{"line":123,"column":6}},"46":{"start":{"line":122,"column":6},"end":{"line":122,"column":52}},"47":{"start":{"line":126,"column":4},"end":{"line":132,"column":5}},"48":{"start":{"line":127,"column":5},"end":{"line":131,"column":6}},"49":{"start":{"line":128,"column":6},"end":{"line":130,"column":7}},"50":{"start":{"line":129,"column":7},"end":{"line":129,"column":43}},"51":{"start":{"line":134,"column":4},"end":{"line":140,"column":5}},"52":{"start":{"line":135,"column":5},"end":{"line":139,"column":16}},"53":{"start":{"line":136,"column":6},"end":{"line":136,"column":46}},"54":{"start":{"line":137,"column":6},"end":{"line":137,"column":73}},"55":{"start":{"line":142,"column":4},"end":{"line":156,"column":5}},"56":{"start":{"line":143,"column":5},"end":{"line":143,"column":33}},"57":{"start":{"line":144,"column":5},"end":{"line":144,"column":31}},"58":{"start":{"line":146,"column":5},"end":{"line":148,"column":6}},"59":{"start":{"line":147,"column":6},"end":{"line":147,"column":37}},"60":{"start":{"line":151,"column":5},"end":{"line":155,"column":7}},"61":{"start":{"line":152,"column":6},"end":{"line":154,"column":7}},"62":{"start":{"line":153,"column":7},"end":{"line":153,"column":24}},"63":{"start":{"line":158,"column":4},"end":{"line":170,"column":5}},"64":{"start":{"line":159,"column":5},"end":{"line":165,"column":6}},"65":{"start":{"line":160,"column":6},"end":{"line":160,"column":36}},"66":{"start":{"line":161,"column":6},"end":{"line":161,"column":36}},"67":{"start":{"line":164,"column":6},"end":{"line":164,"column":59}},"68":{"start":{"line":168,"column":9},"end":{"line":170,"column":5}},"69":{"start":{"line":169,"column":5},"end":{"line":169,"column":35}},"70":{"start":{"line":172,"column":4},"end":{"line":174,"column":5}},"71":{"start":{"line":173,"column":5},"end":{"line":173,"column":59}},"72":{"start":{"line":176,"column":4},"end":{"line":178,"column":5}},"73":{"start":{"line":177,"column":5},"end":{"line":177,"column":17}},"74":{"start":{"line":180,"column":4},"end":{"line":188,"column":5}},"75":{"start":{"line":182,"column":5},"end":{"line":184,"column":11}},"76":{"start":{"line":183,"column":6},"end":{"line":183,"column":45}},"77":{"start":{"line":187,"column":5},"end":{"line":187,"column":45}},"78":{"start":{"line":190,"column":3},"end":{"line":190,"column":16}},"79":{"start":{"line":195,"column":3},"end":{"line":195,"column":23}},"80":{"start":{"line":197,"column":3},"end":{"line":197,"column":19}},"81":{"start":{"line":198,"column":3},"end":{"line":198,"column":25}},"82":{"start":{"line":200,"column":3},"end":{"line":202,"column":4}},"83":{"start":{"line":201,"column":4},"end":{"line":201,"column":33}},"84":{"start":{"line":204,"column":3},"end":{"line":206,"column":4}},"85":{"start":{"line":205,"column":4},"end":{"line":205,"column":11}},"86":{"start":{"line":208,"column":3},"end":{"line":208,"column":14}},"87":{"start":{"line":210,"column":3},"end":{"line":291,"column":4}},"88":{"start":{"line":212,"column":4},"end":{"line":279,"column":5}},"89":{"start":{"line":213,"column":5},"end":{"line":215,"column":6}},"90":{"start":{"line":214,"column":6},"end":{"line":214,"column":44}},"91":{"start":{"line":216,"column":5},"end":{"line":216,"column":29}},"92":{"start":{"line":220,"column":5},"end":{"line":220,"column":41}},"93":{"start":{"line":221,"column":5},"end":{"line":237,"column":6}},"94":{"start":{"line":222,"column":6},"end":{"line":236,"column":7}},"95":{"start":{"line":223,"column":7},"end":{"line":223,"column":45}},"96":{"start":{"line":226,"column":7},"end":{"line":226,"column":60}},"97":{"start":{"line":227,"column":7},"end":{"line":235,"column":8}},"98":{"start":{"line":228,"column":8},"end":{"line":228,"column":30}},"99":{"start":{"line":230,"column":12},"end":{"line":235,"column":8}},"100":{"start":{"line":231,"column":8},"end":{"line":231,"column":29}},"101":{"start":{"line":234,"column":8},"end":{"line":234,"column":30}},"102":{"start":{"line":239,"column":5},"end":{"line":278,"column":6}},"103":{"start":{"line":241,"column":7},"end":{"line":253,"column":8}},"104":{"start":{"line":242,"column":8},"end":{"line":252,"column":9}},"105":{"start":{"line":243,"column":9},"end":{"line":248,"column":10}},"106":{"start":{"line":244,"column":10},"end":{"line":244,"column":50}},"107":{"start":{"line":247,"column":10},"end":{"line":247,"column":73}},"108":{"start":{"line":251,"column":9},"end":{"line":251,"column":52}},"109":{"start":{"line":254,"column":7},"end":{"line":254,"column":13}},"110":{"start":{"line":257,"column":7},"end":{"line":271,"column":8}},"111":{"start":{"line":259,"column":8},"end":{"line":267,"column":9}},"112":{"start":{"line":260,"column":9},"end":{"line":260,"column":83}},"113":{"start":{"line":264,"column":9},"end":{"line":264,"column":58}},"114":{"start":{"line":265,"column":9},"end":{"line":265,"column":34}},"115":{"start":{"line":266,"column":9},"end":{"line":266,"column":44}},"116":{"start":{"line":270,"column":8},"end":{"line":270,"column":29}},"117":{"start":{"line":272,"column":7},"end":{"line":274,"column":8}},"118":{"start":{"line":273,"column":8},"end":{"line":273,"column":28}},"119":{"start":{"line":275,"column":7},"end":{"line":275,"column":13}},"120":{"start":{"line":277,"column":7},"end":{"line":277,"column":35}},"121":{"start":{"line":282,"column":4},"end":{"line":284,"column":5}},"122":{"start":{"line":283,"column":5},"end":{"line":283,"column":52}},"123":{"start":{"line":286,"column":4},"end":{"line":286,"column":35}},"124":{"start":{"line":290,"column":4},"end":{"line":290,"column":39}},"125":{"start":{"line":296,"column":3},"end":{"line":300,"column":4}},"126":{"start":{"line":297,"column":4},"end":{"line":297,"column":74}},"127":{"start":{"line":298,"column":4},"end":{"line":298,"column":20}},"128":{"start":{"line":299,"column":4},"end":{"line":299,"column":52}},"129":{"start":{"line":305,"column":3},"end":{"line":314,"column":4}},"130":{"start":{"line":306,"column":4},"end":{"line":313,"column":5}},"131":{"start":{"line":307,"column":5},"end":{"line":307,"column":17}},"132":{"start":{"line":308,"column":5},"end":{"line":308,"column":21}},"133":{"start":{"line":309,"column":5},"end":{"line":309,"column":20}},"134":{"start":{"line":312,"column":5},"end":{"line":312,"column":42}},"135":{"start":{"line":318,"column":2},"end":{"line":318,"column":62}},"136":{"start":{"line":319,"column":2},"end":{"line":319,"column":63}},"137":{"start":{"line":320,"column":2},"end":{"line":320,"column":94}},"138":{"start":{"line":321,"column":2},"end":{"line":321,"column":97}},"139":{"start":{"line":322,"column":2},"end":{"line":322,"column":36}},"140":{"start":{"line":323,"column":2},"end":{"line":323,"column":44}},"141":{"start":{"line":324,"column":2},"end":{"line":324,"column":54}},"142":{"start":{"line":325,"column":2},"end":{"line":325,"column":81}},"143":{"start":{"line":326,"column":2},"end":{"line":326,"column":80}},"144":{"start":{"line":329,"column":2},"end":{"line":329,"column":31}},"145":{"start":{"line":330,"column":2},"end":{"line":330,"column":60}},"146":{"start":{"line":333,"column":2},"end":{"line":344,"column":3}},"147":{"start":{"line":334,"column":3},"end":{"line":334,"column":36}},"148":{"start":{"line":336,"column":7},"end":{"line":344,"column":3}},"149":{"start":{"line":337,"column":3},"end":{"line":337,"column":29}},"150":{"start":{"line":339,"column":7},"end":{"line":344,"column":3}},"151":{"start":{"line":340,"column":3},"end":{"line":340,"column":33}},"152":{"start":{"line":342,"column":7},"end":{"line":344,"column":3}},"153":{"start":{"line":343,"column":3},"end":{"line":343,"column":33}},"154":{"start":{"line":345,"column":2},"end":{"line":353,"column":3}},"155":{"start":{"line":346,"column":3},"end":{"line":352,"column":4}},"156":{"start":{"line":348,"column":5},"end":{"line":348,"column":33}},"157":{"start":{"line":349,"column":5},"end":{"line":349,"column":11}},"158":{"start":{"line":351,"column":5},"end":{"line":351,"column":25}},"159":{"start":{"line":356,"column":2},"end":{"line":363,"column":3}},"160":{"start":{"line":357,"column":3},"end":{"line":359,"column":5}},"161":{"start":{"line":358,"column":4},"end":{"line":358,"column":33}},"162":{"start":{"line":360,"column":3},"end":{"line":362,"column":4}},"163":{"start":{"line":361,"column":4},"end":{"line":361,"column":67}},"164":{"start":{"line":364,"column":2},"end":{"line":370,"column":3}},"165":{"start":{"line":365,"column":3},"end":{"line":369,"column":4}},"166":{"start":{"line":366,"column":4},"end":{"line":368,"column":5}},"167":{"start":{"line":367,"column":5},"end":{"line":367,"column":59}},"168":{"start":{"line":371,"column":2},"end":{"line":373,"column":3}},"169":{"start":{"line":372,"column":3},"end":{"line":372,"column":92}},"170":{"start":{"line":374,"column":2},"end":{"line":376,"column":3}},"171":{"start":{"line":375,"column":3},"end":{"line":375,"column":50}},"172":{"start":{"line":377,"column":2},"end":{"line":379,"column":3}},"173":{"start":{"line":378,"column":3},"end":{"line":378,"column":41}},"174":{"start":{"line":382,"column":2},"end":{"line":384,"column":3}},"175":{"start":{"line":383,"column":3},"end":{"line":383,"column":42}},"176":{"start":{"line":387,"column":2},"end":{"line":389,"column":3}},"177":{"start":{"line":388,"column":3},"end":{"line":388,"column":18}},"178":{"start":{"line":392,"column":2},"end":{"line":392,"column":17}},"179":{"start":{"line":397,"column":1},"end":{"line":497,"column":4}},"180":{"start":{"line":399,"column":3},"end":{"line":401,"column":16}},"181":{"start":{"line":403,"column":3},"end":{"line":458,"column":6}},"182":{"start":{"line":405,"column":4},"end":{"line":420,"column":7}},"183":{"start":{"line":407,"column":6},"end":{"line":419,"column":8}},"184":{"start":{"line":408,"column":7},"end":{"line":408,"column":34}},"185":{"start":{"line":409,"column":7},"end":{"line":409,"column":17}},"186":{"start":{"line":410,"column":7},"end":{"line":417,"column":11}},"187":{"start":{"line":411,"column":8},"end":{"line":411,"column":34}},"188":{"start":{"line":412,"column":8},"end":{"line":414,"column":9}},"189":{"start":{"line":413,"column":9},"end":{"line":413,"column":64}},"190":{"start":{"line":416,"column":8},"end":{"line":416,"column":32}},"191":{"start":{"line":418,"column":7},"end":{"line":418,"column":20}},"192":{"start":{"line":422,"column":4},"end":{"line":422,"column":36}},"193":{"start":{"line":423,"column":4},"end":{"line":423,"column":38}},"194":{"start":{"line":424,"column":4},"end":{"line":424,"column":36}},"195":{"start":{"line":425,"column":4},"end":{"line":425,"column":45}},"196":{"start":{"line":426,"column":4},"end":{"line":428,"column":6}},"197":{"start":{"line":427,"column":5},"end":{"line":427,"column":32}},"198":{"start":{"line":429,"column":4},"end":{"line":434,"column":6}},"199":{"start":{"line":430,"column":5},"end":{"line":432,"column":7}},"200":{"start":{"line":431,"column":6},"end":{"line":431,"column":10}},"201":{"start":{"line":433,"column":5},"end":{"line":433,"column":35}},"202":{"start":{"line":435,"column":4},"end":{"line":437,"column":6}},"203":{"start":{"line":436,"column":5},"end":{"line":436,"column":84}},"204":{"start":{"line":439,"column":4},"end":{"line":443,"column":5}},"205":{"start":{"line":440,"column":5},"end":{"line":442,"column":6}},"206":{"start":{"line":441,"column":6},"end":{"line":441,"column":28}},"207":{"start":{"line":445,"column":4},"end":{"line":450,"column":6}},"208":{"start":{"line":446,"column":5},"end":{"line":448,"column":6}},"209":{"start":{"line":447,"column":6},"end":{"line":447,"column":25}},"210":{"start":{"line":449,"column":5},"end":{"line":449,"column":18}},"211":{"start":{"line":451,"column":4},"end":{"line":456,"column":6}},"212":{"start":{"line":452,"column":5},"end":{"line":454,"column":6}},"213":{"start":{"line":453,"column":6},"end":{"line":453,"column":26}},"214":{"start":{"line":455,"column":5},"end":{"line":455,"column":18}},"215":{"start":{"line":457,"column":4},"end":{"line":457,"column":17}},"216":{"start":{"line":463,"column":4},"end":{"line":463,"column":55}},"217":{"start":{"line":466,"column":4},"end":{"line":466,"column":56}},"218":{"start":{"line":469,"column":4},"end":{"line":469,"column":55}},"219":{"start":{"line":472,"column":4},"end":{"line":472,"column":61}},"220":{"start":{"line":475,"column":4},"end":{"line":475,"column":55}},"221":{"start":{"line":479,"column":4},"end":{"line":479,"column":15}},"222":{"start":{"line":480,"column":4},"end":{"line":480,"column":13}},"223":{"start":{"line":483,"column":4},"end":{"line":483,"column":29}},"224":{"start":{"line":484,"column":4},"end":{"line":484,"column":13}},"225":{"start":{"line":487,"column":4},"end":{"line":487,"column":48}},"226":{"start":{"line":488,"column":4},"end":{"line":488,"column":13}},"227":{"start":{"line":491,"column":4},"end":{"line":491,"column":41}},"228":{"start":{"line":492,"column":4},"end":{"line":492,"column":13}},"229":{"start":{"line":495,"column":4},"end":{"line":495,"column":20}},"230":{"start":{"line":499,"column":1},"end":{"line":499,"column":10}}},"branchMap":{"1":{"line":5,"type":"cond-expr","locations":[{"start":{"line":5,"column":45},"end":{"line":5,"column":51}},{"start":{"line":5,"column":54},"end":{"line":5,"column":58}}]},"2":{"line":18,"type":"cond-expr","locations":[{"start":{"line":18,"column":34},"end":{"line":20,"column":3}},{"start":{"line":20,"column":5},"end":{"line":22,"column":3}}]},"3":{"line":30,"type":"binary-expr","locations":[{"start":{"line":30,"column":9},"end":{"line":30,"column":13}},{"start":{"line":30,"column":17},"end":{"line":30,"column":21}}]},"4":{"line":31,"type":"binary-expr","locations":[{"start":{"line":31,"column":12},"end":{"line":31,"column":19}},{"start":{"line":31,"column":23},"end":{"line":31,"column":25}}]},"5":{"line":33,"type":"if","locations":[{"start":{"line":33,"column":3},"end":{"line":33,"column":3}},{"start":{"line":33,"column":3},"end":{"line":33,"column":3}}]},"6":{"line":34,"type":"if","locations":[{"start":{"line":34,"column":4},"end":{"line":34,"column":4}},{"start":{"line":34,"column":4},"end":{"line":34,"column":4}}]},"7":{"line":34,"type":"binary-expr","locations":[{"start":{"line":34,"column":7},"end":{"line":34,"column":46}},{"start":{"line":34,"column":50},"end":{"line":34,"column":82}}]},"8":{"line":73,"type":"if","locations":[{"start":{"line":73,"column":4},"end":{"line":73,"column":4}},{"start":{"line":73,"column":4},"end":{"line":73,"column":4}}]},"9":{"line":74,"type":"if","locations":[{"start":{"line":74,"column":5},"end":{"line":74,"column":5}},{"start":{"line":74,"column":5},"end":{"line":74,"column":5}}]},"10":{"line":74,"type":"binary-expr","locations":[{"start":{"line":74,"column":8},"end":{"line":74,"column":11}},{"start":{"line":74,"column":15},"end":{"line":74,"column":34}}]},"11":{"line":77,"type":"if","locations":[{"start":{"line":77,"column":5},"end":{"line":77,"column":5}},{"start":{"line":77,"column":5},"end":{"line":77,"column":5}}]},"12":{"line":86,"type":"if","locations":[{"start":{"line":86,"column":4},"end":{"line":86,"column":4}},{"start":{"line":86,"column":4},"end":{"line":86,"column":4}}]},"13":{"line":90,"type":"if","locations":[{"start":{"line":90,"column":4},"end":{"line":90,"column":4}},{"start":{"line":90,"column":4},"end":{"line":90,"column":4}}]},"14":{"line":95,"type":"if","locations":[{"start":{"line":95,"column":4},"end":{"line":95,"column":4}},{"start":{"line":95,"column":4},"end":{"line":95,"column":4}}]},"15":{"line":96,"type":"if","locations":[{"start":{"line":96,"column":5},"end":{"line":96,"column":5}},{"start":{"line":96,"column":5},"end":{"line":96,"column":5}}]},"16":{"line":106,"type":"if","locations":[{"start":{"line":106,"column":4},"end":{"line":106,"column":4}},{"start":{"line":106,"column":4},"end":{"line":106,"column":4}}]},"17":{"line":107,"type":"if","locations":[{"start":{"line":107,"column":5},"end":{"line":107,"column":5}},{"start":{"line":107,"column":5},"end":{"line":107,"column":5}}]},"18":{"line":107,"type":"binary-expr","locations":[{"start":{"line":107,"column":8},"end":{"line":107,"column":35}},{"start":{"line":107,"column":39},"end":{"line":107,"column":60}}]},"19":{"line":110,"type":"if","locations":[{"start":{"line":110,"column":6},"end":{"line":110,"column":6}},{"start":{"line":110,"column":6},"end":{"line":110,"column":6}}]},"20":{"line":110,"type":"binary-expr","locations":[{"start":{"line":110,"column":9},"end":{"line":110,"column":24}},{"start":{"line":110,"column":28},"end":{"line":110,"column":44}}]},"21":{"line":116,"type":"if","locations":[{"start":{"line":116,"column":4},"end":{"line":116,"column":4}},{"start":{"line":116,"column":4},"end":{"line":116,"column":4}}]},"22":{"line":121,"type":"if","locations":[{"start":{"line":121,"column":5},"end":{"line":121,"column":5}},{"start":{"line":121,"column":5},"end":{"line":121,"column":5}}]},"23":{"line":121,"type":"binary-expr","locations":[{"start":{"line":121,"column":8},"end":{"line":121,"column":12}},{"start":{"line":121,"column":16},"end":{"line":121,"column":29}}]},"24":{"line":126,"type":"if","locations":[{"start":{"line":126,"column":4},"end":{"line":126,"column":4}},{"start":{"line":126,"column":4},"end":{"line":126,"column":4}}]},"25":{"line":128,"type":"if","locations":[{"start":{"line":128,"column":6},"end":{"line":128,"column":6}},{"start":{"line":128,"column":6},"end":{"line":128,"column":6}}]},"26":{"line":134,"type":"if","locations":[{"start":{"line":134,"column":4},"end":{"line":134,"column":4}},{"start":{"line":134,"column":4},"end":{"line":134,"column":4}}]},"27":{"line":134,"type":"binary-expr","locations":[{"start":{"line":134,"column":7},"end":{"line":134,"column":11}},{"start":{"line":134,"column":15},"end":{"line":134,"column":45}}]},"28":{"line":142,"type":"if","locations":[{"start":{"line":142,"column":4},"end":{"line":142,"column":4}},{"start":{"line":142,"column":4},"end":{"line":142,"column":4}}]},"29":{"line":142,"type":"binary-expr","locations":[{"start":{"line":142,"column":7},"end":{"line":142,"column":11}},{"start":{"line":142,"column":15},"end":{"line":142,"column":18}}]},"30":{"line":146,"type":"if","locations":[{"start":{"line":146,"column":5},"end":{"line":146,"column":5}},{"start":{"line":146,"column":5},"end":{"line":146,"column":5}}]},"31":{"line":152,"type":"if","locations":[{"start":{"line":152,"column":6},"end":{"line":152,"column":6}},{"start":{"line":152,"column":6},"end":{"line":152,"column":6}}]},"32":{"line":158,"type":"if","locations":[{"start":{"line":158,"column":4},"end":{"line":158,"column":4}},{"start":{"line":158,"column":4},"end":{"line":158,"column":4}}]},"33":{"line":159,"type":"if","locations":[{"start":{"line":159,"column":5},"end":{"line":159,"column":5}},{"start":{"line":159,"column":5},"end":{"line":159,"column":5}}]},"34":{"line":168,"type":"if","locations":[{"start":{"line":168,"column":9},"end":{"line":168,"column":9}},{"start":{"line":168,"column":9},"end":{"line":168,"column":9}}]},"35":{"line":172,"type":"if","locations":[{"start":{"line":172,"column":4},"end":{"line":172,"column":4}},{"start":{"line":172,"column":4},"end":{"line":172,"column":4}}]},"36":{"line":172,"type":"binary-expr","locations":[{"start":{"line":172,"column":7},"end":{"line":172,"column":37}},{"start":{"line":172,"column":41},"end":{"line":172,"column":66}}]},"37":{"line":176,"type":"if","locations":[{"start":{"line":176,"column":4},"end":{"line":176,"column":4}},{"start":{"line":176,"column":4},"end":{"line":176,"column":4}}]},"38":{"line":180,"type":"if","locations":[{"start":{"line":180,"column":4},"end":{"line":180,"column":4}},{"start":{"line
[...]
t\t\t\txhr.open(method, url, options.async, options.user, options.password);","\t\t\t\t\tif(xhr2 && options.async) {","\t\t\t\t\t\txhr.withCredentials = options.withCredentials;","\t\t\t\t\t}","\t\t\t\t}","\t\t\t\t// Set headers","\t\t\t\tif(!xdr) {","\t\t\t\t\tfor(var i in headers) {","\t\t\t\t\t\tif(headers[i]) {","\t\t\t\t\t\t\txhr.setRequestHeader(i, headers[i]);","\t\t\t\t\t\t}","\t\t\t\t\t}","\t\t\t\t}","\t\t\t\t// Verify if the response type is supported by the current browser","\t\t\t\tif(xhr2 && options.responseType != 'auto') {","\t\t\t\t\ttry {","\t\t\t\t\t\txhr.responseType = options.responseType;","\t\t\t\t\t\tnativeResponseParsing = (xhr.responseType == options.responseType);","\t\t\t\t\t}","\t\t\t\t\tcatch(e) {}","\t\t\t\t}","\t\t\t\t// Plug response handler","\t\t\t\tif(xhr2 || xdr) {","\t\t\t\t\txhr.onload = handleResponse;","\t\t\t\t\txhr.onerror = handleError;","\t\t\t\t\t// http://cypressnorth.com/programming/internet-explorer-aborting-ajax-requests-fixed/","\t\t\t\t\tif(xdr) {","\t\t\t\t\t\txhr.onprogress = function() {};","\t\t\t\t\t}","\t\t\t\t}","\t\t\t\telse {","\t\t\t\t\txhr.onreadystatechange = function() {","\t\t\t\t\t\tif(xhr.readyState == 4) {","\t\t\t\t\t\t\thandleResponse();","\t\t\t\t\t\t}","\t\t\t\t\t};","\t\t\t\t}","\t\t\t\t// Plug timeout","\t\t\t\tif(options.async) {","\t\t\t\t\tif('timeout' in xhr) {","\t\t\t\t\t\txhr.timeout = options.timeout;","\t\t\t\t\t\txhr.ontimeout = handleTimeout;","\t\t\t\t\t}","\t\t\t\t\telse {","\t\t\t\t\t\ttimeout = setTimeout(handleTimeout, options.timeout);","\t\t\t\t\t}","\t\t\t\t}","\t\t\t\t// http://cypressnorth.com/programming/internet-explorer-aborting-ajax-requests-fixed/","\t\t\t\telse if(xdr) {","\t\t\t\t\txhr.ontimeout = function() {};","\t\t\t\t}","\t\t\t\t// Override mime type to ensure the response is well parsed","\t\t\t\tif(options.responseType != 'auto' && 'overrideMimeType' in xhr) {","\t\t\t\t\txhr.overrideMimeType(mimeTypes[options.responseType]);","\t\t\t\t}","\t\t\t\t// Run 'before' callback","\t\t\t\tif(before) {","\t\t\t\t\tbefore(xhr);","\t\t\t\t}","\t\t\t\t// Send request","\t\t\t\tif(xdr) {","\t\t\t\t\t// https://developer.mozilla.org/en-US/docs/Web/API/XDomainRequest","\t\t\t\t\tsetTimeout(function() {","\t\t\t\t\t\txhr.send(method != 'GET'? data : null);","\t\t\t\t\t}, 0);","\t\t\t\t}","\t\t\t\telse {","\t\t\t\t\txhr.send(method != 'GET' ? data : null);","\t\t\t\t}","\t\t\t};","\t\t\treturn pinky;","\t\t}),","","\t\t// Handle the response","\t\thandleResponse = function() {","\t\t\tvar i, responseType;","\t\t\t// Stop sending state","\t\t\tsending = false;","\t\t\tclearTimeout(timeout);","\t\t\t// Launch next stacked request","\t\t\tif(request_stack.length) {","\t\t\t\trequest_stack.shift().send();","\t\t\t}","\t\t\t// Verify if the request has not been previously aborted","\t\t\tif(aborted) {","\t\t\t\treturn;","\t\t\t}","\t\t\t// Decrease the number of requests","\t\t\t--requests;","\t\t\t// Handle response","\t\t\ttry{","\t\t\t\t// Process response","\t\t\t\tif(nativeResponseParsing) {","\t\t\t\t\tif('response' in xhr && xhr.response === null) {","\t\t\t\t\t\tthrow 'The request response is empty';","\t\t\t\t\t}","\t\t\t\t\tresponse = xhr.response;","\t\t\t\t}","\t\t\t\telse {","\t\t\t\t\t// Guess response type","\t\t\t\t\tresponseType = options.responseType;","\t\t\t\t\tif(responseType == 'auto') {","\t\t\t\t\t\tif(xdr) {","\t\t\t\t\t\t\tresponseType = defaultXdrResponseType;","\t\t\t\t\t\t}","\t\t\t\t\t\telse {","\t\t\t\t\t\t\tvar ct = xhr.getResponseHeader('Content-Type') || '';","\t\t\t\t\t\t\tif(ct.indexOf(mimeTypes.json)>-1) {","\t\t\t\t\t\t\t\tresponseType = 'json';","\t\t\t\t\t\t\t}","\t\t\t\t\t\t\telse if(ct.indexOf(mimeTypes.xml) > -1) {","\t\t\t\t\t\t\t\tresponseType = 'xml';","\t\t\t\t\t\t\t}","\t\t\t\t\t\t\telse {","\t\t\t\t\t\t\t\tresponseType = 'text';","\t\t\t\t\t\t\t}","\t\t\t\t\t\t}","\t\t\t\t\t}","\t\t\t\t\t// Handle response type","\t\t\t\t\tswitch(responseType) {","\t\t\t\t\t\tcase 'json':","\t\t\t\t\t\t\tif(xhr.responseText.length) {","\t\t\t\t\t\t\t\ttry {","\t\t\t\t\t\t\t\t\tif('JSON' in global) {","\t\t\t\t\t\t\t\t\t\tresponse = JSON.parse(xhr.responseText);","\t\t\t\t\t\t\t\t\t}","\t\t\t\t\t\t\t\t\telse {","\t\t\t\t\t\t\t\t\t\tresponse = new Function('return (' + xhr.responseText + ')')();","\t\t\t\t\t\t\t\t\t}","\t\t\t\t\t\t\t\t}","\t\t\t\t\t\t\t\tcatch(e) {","\t\t\t\t\t\t\t\t\tthrow \"Error while parsing JSON body : \"+e;","\t\t\t\t\t\t\t\t}","\t\t\t\t\t\t\t}","\t\t\t\t\t\t\tbreak;","\t\t\t\t\t\tcase 'xml':","\t\t\t\t\t\t\t// Based on jQuery's parseXML() function","\t\t\t\t\t\t\ttry {","\t\t\t\t\t\t\t\t// Standard","\t\t\t\t\t\t\t\tif(global.DOMParser) {","\t\t\t\t\t\t\t\t\tresponse = (new DOMParser()).parseFromString(xhr.responseText,'text/xml');","\t\t\t\t\t\t\t\t}","\t\t\t\t\t\t\t\t// IE<9","\t\t\t\t\t\t\t\telse {","\t\t\t\t\t\t\t\t\tresponse = new ActiveXObject('Microsoft.XMLDOM');","\t\t\t\t\t\t\t\t\tresponse.async = 'false';","\t\t\t\t\t\t\t\t\tresponse.loadXML(xhr.responseText);","\t\t\t\t\t\t\t\t}","\t\t\t\t\t\t\t}","\t\t\t\t\t\t\tcatch(e) {","\t\t\t\t\t\t\t\tresponse = undefined;","\t\t\t\t\t\t\t}","\t\t\t\t\t\t\tif(!response || !response.documentElement || response.getElementsByTagName('parsererror').length) {","\t\t\t\t\t\t\t\tthrow 'Invalid XML';","\t\t\t\t\t\t\t}","\t\t\t\t\t\t\tbreak;","\t\t\t\t\t\tdefault:","\t\t\t\t\t\t\tresponse = xhr.responseText;","\t\t\t\t\t}","\t\t\t\t}","\t\t\t\t// Late status code verification to allow passing data when, per example, a 409 is returned","\t\t\t\t// --- https://stackoverflow.com/questions/10046972/msie-returns-status-code-of-1223-for-ajax-request","\t\t\t\tif('status' in xhr && !/^2|1223/.test(xhr.status)) {","\t\t\t\t\tthrow xhr.status + ' (' + xhr.statusText + ')';","\t\t\t\t}","\t\t\t\t// Fulfilled","\t\t\t\tpromise(true, [xhr, response]);","\t\t\t}","\t\t\tcatch(e) {","\t\t\t\t// Rejected","\t\t\t\tpromise(false, [e, xhr, response]);","\t\t\t}","\t\t},","","\t\t// Handle errors","\t\thandleError = function(message) {","\t\t\tif(!aborted) {","\t\t\t\tmessage = typeof message == 'string' ? message : 'Connection aborted';","\t\t\t\tpromise.abort();","\t\t\t\tpromise(false, [new Error(message), xhr, null]);","\t\t\t}","\t\t},","\t\t\t","\t\t// Handle timeouts","\t\thandleTimeout = function() {","\t\t\tif(!aborted) {","\t\t\t\tif(!options.attempts || ++attempts != options.attempts) {","\t\t\t\t\txhr.abort();","\t\t\t\t\tsending = false;","\t\t\t\t\tpromise.send();","\t\t\t\t}","\t\t\t\telse {","\t\t\t\t\thandleError('Timeout (' + url + ')');","\t\t\t\t}","\t\t\t}","\t\t};","","\t\t// Normalize options","\t\toptions.async = 'async' in options ? !!options.async : true;","\t\toptions.cache = 'cache' in options ? !!options.cache : false;","\t\toptions.dataType = 'dataType' in options ? options.dataType.toLowerCase() : defaultDataType;","\t\toptions.responseType = 'responseType' in options ? options.responseType.toLowerCase() : 'auto';","\t\toptions.user = options.user || '';","\t\toptions.password = options.password || '';","\t\toptions.withCredentials = !!options.withCredentials;","\t\toptions.timeout = 'timeout' in options ? parseInt(options.timeout, 10) : 30000;","\t\toptions.attempts = 'attempts' in options ? parseInt(options.attempts, 10) : 1;","","\t\t// Guess if we're dealing with a cross-origin request","\t\ti = url.match(/\\/\\/(.+?)\\//);","\t\tcrossOrigin = i && (i[1] ? i[1] != location.host : false);","","\t\t// Prepare data","\t\tif('ArrayBuffer' in global && data instanceof ArrayBuffer) {","\t\t\toptions.dataType = 'arraybuffer';","\t\t}","\t\telse if('Blob' in global && data instanceof Blob) {","\t\t\toptions.dataType = 'blob';","\t\t}","\t\telse if('Document' in global && data instanceof Document) {","\t\t\toptions.dataType = 'document';","\t\t}","\t\telse if('FormData' in global && data instanceof FormData) {","\t\t\toptions.dataType = 'formdata';","\t\t}","\t\tif(data !== null) {","\t\t\tswitch(options.dataType) {","\t\t\t\tcase 'json':","\t\t\t\t\tdata = JSON.stringify(data);","\t\t\t\t\tbreak;","\t\t\t\tcase 'post':","\t\t\t\t\tdata = jparam(data);","\t\t\t}","\t\t}","","\t\t// Prepare headers","\t\tif(options.headers) {","\t\t\tvar format = function(match,p1,p2) {","\t\t\t\treturn p1 + p2.toUpperCase();","\t\t\t};","\t\t\tfor(i in options.headers) {","\t\t\t\theaders[i.replace(/(^|-)([^-])/g,format)] = options.headers[i];","\t\t\t}","\t\t}","\t\tif(!('Content-Type' in headers) && method!='GET') {","\t\t\tif(options.dataType in mimeTypes) {","\t\t\t\tif(mimeTypes[options.dataType]) {","\t\t\t\t\theaders['Content-Type'] = mimeTypes[options.dataType];","\t\t\t\t}","\t\t\t}","\t\t}","\t\tif(!headers.Accept) {","\t\t\theaders.Accept = (options.responseType in accept) ? accept[options.responseType] : '*/*';","\t\t}","\t\tif(!crossOrigin && !('X-Requested-With' in headers)) { // (that header breaks in legacy browsers with CORS)","\t\t\theaders['X-Requested-With'] = 'XMLHttpRequest';","\t\t}","\t\tif(!options.cache && !('Cache-Control' in headers)) {","\t\t\theaders['Cache-Control'] = 'no-cache';","\t\t}","","\t\t// Prepare URL","\t\tif(method == 'GET' && data && typeof data == 'string') {","\t\t\turl += (/\\?/.test(url)?'&':'?') + data;","\t\t}","","\t\t// Start the request","\t\tif(options.async) {","\t\t\tpromise.send();","\t\t}","","\t\t// Return promise","\t\treturn promise;","","\t};","\t","\t// Define external qwest object","\tvar getNewPromise = function(q) {","\t\t\t// Prepare","\t\t\tvar promises = [],","\t\t\t\tloading = 0,","\t\t\t\tvalues = [];","\t\t\t// Create a new promise to handle all requests","\t\t\treturn pinkyswear(function(pinky) {","\t\t\t\t// Basic request method","\t\t\t\tvar method_index = -1,","\t\t\t\t\tcreateMethod = function(method) {","\t\t\t\t\t\treturn function(url, data, options, before) {","\t\t\t\t\t\t\tvar index = ++method_index;","\t\t\t\t\t\t\t++loading;","\t\t\t\t\t\t\tpromises.push(qwest(method, pinky.base + url, data, options, before).then(function(xhr, response) {","\t\t\t\t\t\t\t\tvalues[index] = arguments;","\t\t\t\t\t\t\t\tif(!--loading) {","\t\t\t\t\t\t\t\t\tpinky(true, values.length == 1 ? values[0] : [values]);","\t\t\t\t\t\t\t\t}","\t\t\t\t\t\t\t}, function() {","\t\t\t\t\t\t\t\tpinky(false, arguments);","\t\t\t\t\t\t\t}));","\t\t\t\t\t\t\treturn pinky;","\t\t\t\t\t\t};","\t\t\t\t\t};","\t\t\t\t// Define external API","\t\t\t\tpinky.get = createMethod('GET');","\t\t\t\tpinky.post = createMethod('POST');","\t\t\t\tpinky.put = createMethod('PUT');","\t\t\t\tpinky['delete'] = createMethod('DELETE');","\t\t\t\tpinky['catch'] = function(f) {","\t\t\t\t\treturn pinky.then(null, f);","\t\t\t\t};","\t\t\t\tpinky.complete = function(f) {","\t\t\t\t\tvar func = function() {","\t\t\t\t\t\tf(); // otherwise arguments will be passed to the callback","\t\t\t\t\t};","\t\t\t\t\treturn pinky.then(func, func);","\t\t\t\t};","\t\t\t\tpinky.map = function(type, url, data, options, before) {","\t\t\t\t\treturn createMethod(type.toUpperCase()).call(this, url, data, options, before);","\t\t\t\t};","\t\t\t\t// Populate methods from external object","\t\t\t\tfor(var prop in q) {","\t\t\t\t\tif(!(prop in pinky)) {","\t\t\t\t\t\tpinky[prop] = q[prop];","\t\t\t\t\t}","\t\t\t\t}","\t\t\t\t// Set last methods","\t\t\t\tpinky.send = function() {","\t\t\t\t\tfor(var i=0, j=promises.length; i<j; ++i) {","\t\t\t\t\t\tpromises[i].send();","\t\t\t\t\t}","\t\t\t\t\treturn pinky;","\t\t\t\t};","\t\t\t\tpinky.abort = function() {","\t\t\t\t\tfor(var i=0, j=promises.length; i<j; ++i) {","\t\t\t\t\t\tpromises[i].abort();","\t\t\t\t\t}","\t\t\t\t\treturn pinky;","\t\t\t\t};","\t\t\t\treturn pinky;","\t\t\t});","\t\t},","\t\tq = {","\t\t\tbase: '',","\t\t\tget: function() {","\t\t\t\treturn getNewPromise(q).get.apply(this, arguments);","\t\t\t},","\t\t\tpost: function() {","\t\t\t\treturn getNewPromise(q).post.apply(this, arguments);","\t\t\t},","\t\t\tput: function() {","\t\t\t\treturn getNewPromise(q).put.apply(this, arguments);","\t\t\t},","\t\t\t'delete': function() {","\t\t\t\treturn getNewPromise(q)['delete'].apply(this, arguments);","\t\t\t},","\t\t\tmap: function() {","\t\t\t\treturn getNewPromise(q).map.apply(this, arguments);","\t\t\t},","\t\t\txhr2: xhr2,","\t\t\tlimit: function(by) {","\t\t\t\tlimit = by;","\t\t\t\treturn q;","\t\t\t},","\t\t\tsetDefaultOptions: function(options) {","\t\t\t\tdefaultOptions = options;","\t\t\t\treturn q;","\t\t\t},","\t\t\tsetDefaultXdrResponseType: function(type) {","\t\t\t\tdefaultXdrResponseType = type.toLowerCase();","\t\t\t\treturn q;","\t\t\t},","\t\t\tsetDefaultDataType: function(type) {","\t\t\t\tdefaultDataType = type.toLowerCase();","\t\t\t\treturn q;","\t\t\t},","\t\t\tgetOpenRequests: function() {","\t\t\t\treturn requests;","\t\t\t}","\t\t};","\t","\treturn q;","","}();",""],"l":{"3":2,"5":2,"19":0,"21":0,"29":0,"30":0,"31":0,"32":0,"33":0,"34":0,"35":0,"36":0,"40":0,"46":0,"72":0,"73":0,"74":0,"75":0,"77":0,"78":0,"79":0,"81":0,"84":0,"86":0,"87":0,"90":0,"91":0,"92":0,"95":0,"96":0,"97":0,"99":0,"102":0,"103":0,"105":0,"106":0,"107":0,"108":0,"109":0,"110":0,"111":0,"116":0,"117":0,"120":0,"121":0,"122":0,"126":0,"127":0,"128":0,"129":0,"134":0,"135":0,"136":0,"137":0,"142":0,"143":0,"144":0,"146":0,"147":0,"151":0,"152":0,"153":0,"158":0,"159":0,"160":0,"161":0,"164":0,"168":0,"169":0,"172":0,"173":0,"176":0,"177":0,"180":0,"182":0,"183":0,"187":0,"190":0,"195":0,"197":0,"198":0,"200":0,"201":0,"204":0,"205":0,"208":0,"210":0,"212":0,"213":0,"214":0,"216":0,"220":0,"221":0,"222":0,"223":0,"226":0,"227":0,"228":0,"230":0,"231":0,"234":0,"239":0,"241":0,"242":0,"243":0,"244":0,"247":0,"251":0,"254":0,"257":0,"259":0,"260":0,"264":0,"265":0,"266":0,"270":0,"272":0,"273":0,"275":0,"277":0,"282":0,"283":0,"286":0,"290":0,"296":0,"297":0,"298":0,"299":0,"305":0,"306":0,"307":0,"308":0,"309":0,"312":0,"318":0,"319":0,"320":0,"321":0,"322":0,"323":0,"324":0,"325":0,"326":0,"329":0,"330":0,"333":0,"334":0,"336":0,"337":0,"339":0,"340":0,"342":0,"343":0,"345":0,"346":0,"348":0,"349":0,"351":0,"356":0,"357":0,"358":0,"360":0,"361":0,"364":0,"365":0,"366":0,"367":0,"371":0,"372":0,"374":0,"375":0,"377":0,"378":0,"382":0,"383":0,"387":0,"388":0,"392":0,"397":0,"399":0,"403":0,"405":0,"407":0,"408":0,"409":0,"410":0,"411":0,"412":0,"413":0,"416":0,"418":0,"422":0,"423":0,"424":0,"425":0,"426":0,"427":0,"429":0,"430":0,"431":0,"433":0,"435":0,"436":0,"439":0,"440":0,"441":0,"445":0,"446":0,"447":0,"449":0,"451":0,"452":0,"453":0,"455":0,"457":0,"463":0,"466":0,"469":0,"472":0,"475":0,"479":0,"480":0,"483":0,"484":0,"487":0,"488":0,"491":0,"492":0,"495":0,"499":0}},"/home/travis/build/npmtest/node-npmtest-qwest/node_modules/qwest/gulpfile.js":{"path":"/home/travis/build/npmtest/node-npmtest-qwest/node_modules/qwest/gulpfile.js","s":{"1":2,"2":0,"3":0,"4":0,"5":0,"6":0,"7":0,"8":0,"9":0,"10":0,"11":0,"12":0,"13":0,"14":0,"15":0,"16":0,"17":0,"18":0,"19":0,"20":0},"b":{"1":[0,0]},"f":{"1":0,"2":0,"3":0,"4":0,"5":0,"6":0},"fnMap":{"1":{"name":"(anonymous_1)","line":22,"loc":{"start":{"line":22,"column":21},"end":{"line":22,"column":32}}},"2":{"name":"(anonymous_2)","line":44,"loc":{"start":{"line":44,"column":18},"end":{"line":44,"column":29}}},"3":{"name":"(anonymous_3)","line":54,"loc":{"start":{"line":54,"column":40},"end":{"line":54,"column":51}}},"4":{"name":"(anonymous_4)","line":58,"loc":{"start":{"line":58,"column":24},"end":{"line":58,"column":50}}},"5":{"name":"(anonymous_5)","line":65,"loc":{"start":{"line":65,"column":68},"end":{"line":65,"column":83}}},"6":{"name":"(anonymous_6)","line":71,"loc":{"start":{"line":71,"column":14},"end":{"line":71,"column":33}}}},"statementMap":{"1":{"start":{"line":1,"column":0},"end":{"line":15,"column":23}},"2":{"start":{"line":17,"column":0},"end":{"line":18,"column":105}},"3":{"start":{"line":22,"column":0},"end":{"line":40,"column":3}},"4":{"start":{"line":24,"column":1},"end":{"line":24,"column":23}},"5":{"start":{"line":26,"column":1},"end":{"line":30,"column":3}},"6":{"start":{"line":32,"column":1},"end":{"line":36,"column":3}},"7":{"start":{"line":38,"column":1},"end":{"line":38,"column":16}},"8":{"start":{"line":44,"column":0},"end":{"line":50,"column":3}},"9":{"start":{"line":46,"column":1},"end":{"line":48,"column":45}},"10":{"start":{"line":54,"column":0},"end":{"line":83,"column":3}},"11":{"start":{"line":56,"column":1},"end":{"line":81,"column":31}},"12":{"start":{"line":60,"column":5},"end":{"line":63,"column":8}},"13":{"start":{"line":65,"column":5},"end":{"line":67,"column":8}},"14":{"start":{"line":66,"column":6},"end":{"line":66,"column":70}},"15":{"start":{"line":69,"column":5},"end":{"line":69,"column":52}},"16":{"start":{"line":71,"column":5},"end":{"line":74,"column":8}},"17":{"start":{"line":72,"column":6},"end":{"line":72,"column":26}},"18":{"start":{"line":73,"column":6},"end":{"line":73,"column":23}},"19":{"start":{"line":87,"column":0},"end":{"line":92,"column":4}},"20":{"start":{"line":96,"column":0},"end":{"line":96,"column":32}}},"branchMap":{"1":{"line":65,"type":"binary-expr","locations":[{"start":{"line":65,"column":6},"end":{"line":65,"column":52}},{"start":{"line":65,"column":56},"end":{"line":65,"column":58}}]}},"code":["var fs = require('fs'),","\tgulp = require('gulp'),","\tsize = require('gulp-sizereport'),","\tjshint = require('gulp-jshint'),","\tuglify = require('gulp-uglify'),","\tresolve = require('resolve'),","\trename = require('gulp-rename'),","\treplace = require('gulp-replace'),","\tmerge = require('merge2'),","\tshell = require('gulp-shell'),","\tderequire = require('gulp-derequire'),","\tbrowserify = require('browserify'),","\tresolve = require('resolve'),","\tthrough2 = require('through2'),","\t_ = require('lodash');","","var name = 'qwest',","\tversion = fs.readFileSync('./src/'+name+'.js', {encoding: 'utf8'}).match(/^\\/\\*\\! [\\w-]+ ([0-9.]+)/)[1];","","// ======================================== gulp version","","gulp.task('version', function() {","","\tvar streams = merge();","","\tstreams.add(","\t\tgulp.src( './package.json' )","\t\t\t.pipe( replace(/\"version\": \"[0-9.]+\",/, '\"version\": \"'+version+'\",') )","\t\t\t.pipe( gulp.dest('.') )","\t);","","\tstreams.add(","\t\tgulp.src( './README.md' )","\t\t\t.pipe( replace(/^(\\w+) [0-9.]+/, '$1 '+version) )","\t\t\t.pipe( gulp.dest('.') )","\t);","","\treturn streams;","","});","","// ======================================== gulp lint","","gulp.task('lint', function() {","","\treturn gulp.src( './src/'+name+'.js' )","\t\t.pipe( jshint() )","\t\t.pipe( jshint.reporter('jshint-stylish') );","","});","","// ======================================== gulp build","","gulp.task('build', ['version', 'lint'], function() {","\t","\treturn gulp.src( './src/'+name+'.js' )","\t\t\t\t.pipe( size() )","\t\t\t\t.pipe( through2.obj(function(file, enc, next) {","\t\t","\t\t\t\t\tvar b = browserify(null, {","\t\t\t\t\t\tstandalone: name,","\t\t\t\t\t\tinsertGlobalVars: {process: false}","\t\t\t\t\t});","\t\t","\t\t\t\t\t(_.keys(require('./package.json').dependencies) || []).forEach(function(name) {","\t\t\t\t\t\tb.add(resolve.sync(name, {moduleDirectory: './node_modules/'}));","\t\t\t\t\t});","\t\t","\t\t\t\t\tb.require('./src/'+name+'.js', {expose: name});","\t\t","\t\t\t\t\tb.bundle(function(err, res) {","\t\t\t\t\t\tfile.contents = res;","\t\t\t\t\t\tnext(null, file);","\t\t\t\t\t});","\t\t","\t\t\t\t}) )","\t\t\t\t.pipe( derequire() )","\t\t\t\t.pipe( uglify() )","\t\t\t\t.pipe( rename(name+'.min.js') )","\t\t\t\t.pipe( gulp.dest('.') )","\t\t\t\t.pipe( size({gzip:true}) );","","});","","// ======================================== gulp publish","","gulp.task('publish', shell.task([","\t\"git tag -a \"+version+\" -m '\"+version+\"'\",","\t'git push --tags',","\t'npm publish',","\t'jam publish'","]));","","// ======================================== gulp","","gulp.task('default', ['build']);",""],"l":{"1":2,"17":0,"22":0,"24":0,"26":0,"32":0,"38":0,"44":0,"46":0,"54":0,"56":0,"60":0,"65":0,"66":0,"69":0,"71":0,"72":0,"73":0,"87":0,"96":0}}}